{"/home/zotrek/zwrotka/srodowisko_pracy/rozliczenia/scripts/build-page.mjs": {"path":"/home/zotrek/zwrotka/srodowisko_pracy/rozliczenia/scripts/build-page.mjs","all":false,"statementMap":{"0":{"start":{"line":1,"column":0},"end":{"line":1,"column":54}},"1":{"start":{"line":2,"column":0},"end":{"line":2,"column":45}},"2":{"start":{"line":3,"column":0},"end":{"line":3,"column":41}},"3":{"start":{"line":4,"column":0},"end":{"line":4,"column":28}},"4":{"start":{"line":5,"column":0},"end":{"line":5,"column":0}},"5":{"start":{"line":6,"column":0},"end":{"line":6,"column":68}},"6":{"start":{"line":7,"column":0},"end":{"line":7,"column":43}},"7":{"start":{"line":8,"column":0},"end":{"line":8,"column":0}},"8":{"start":{"line":9,"column":0},"end":{"line":9,"column":40}},"9":{"start":{"line":10,"column":0},"end":{"line":10,"column":50}},"10":{"start":{"line":11,"column":0},"end":{"line":11,"column":31}},"11":{"start":{"line":12,"column":0},"end":{"line":12,"column":39}},"12":{"start":{"line":13,"column":0},"end":{"line":13,"column":3}},"13":{"start":{"line":14,"column":0},"end":{"line":14,"column":24}},"14":{"start":{"line":15,"column":0},"end":{"line":15,"column":1}},"15":{"start":{"line":16,"column":0},"end":{"line":16,"column":0}},"16":{"start":{"line":17,"column":0},"end":{"line":17,"column":39}},"17":{"start":{"line":18,"column":0},"end":{"line":18,"column":23}},"18":{"start":{"line":19,"column":0},"end":{"line":19,"column":11}},"19":{"start":{"line":20,"column":0},"end":{"line":20,"column":3}},"20":{"start":{"line":21,"column":0},"end":{"line":21,"column":17}},"21":{"start":{"line":22,"column":0},"end":{"line":22,"column":44}},"22":{"start":{"line":23,"column":0},"end":{"line":23,"column":70}},"23":{"start":{"line":24,"column":0},"end":{"line":24,"column":58}},"24":{"start":{"line":25,"column":0},"end":{"line":25,"column":3}},"25":{"start":{"line":26,"column":0},"end":{"line":26,"column":21}},"26":{"start":{"line":27,"column":0},"end":{"line":27,"column":1}},"27":{"start":{"line":28,"column":0},"end":{"line":28,"column":0}},"28":{"start":{"line":29,"column":0},"end":{"line":29,"column":26}},"29":{"start":{"line":30,"column":0},"end":{"line":30,"column":44}},"30":{"start":{"line":31,"column":0},"end":{"line":31,"column":42}},"31":{"start":{"line":32,"column":0},"end":{"line":32,"column":22}},"32":{"start":{"line":33,"column":0},"end":{"line":33,"column":37}},"33":{"start":{"line":34,"column":0},"end":{"line":34,"column":35}},"34":{"start":{"line":35,"column":0},"end":{"line":35,"column":6}},"35":{"start":{"line":36,"column":0},"end":{"line":36,"column":19}},"36":{"start":{"line":37,"column":0},"end":{"line":37,"column":5}},"37":{"start":{"line":38,"column":0},"end":{"line":38,"column":23}},"38":{"start":{"line":39,"column":0},"end":{"line":39,"column":68}},"39":{"start":{"line":40,"column":0},"end":{"line":40,"column":68}},"40":{"start":{"line":41,"column":0},"end":{"line":41,"column":62}},"41":{"start":{"line":42,"column":0},"end":{"line":42,"column":53}},"42":{"start":{"line":43,"column":0},"end":{"line":43,"column":33}},"43":{"start":{"line":44,"column":0},"end":{"line":44,"column":1}},"44":{"start":{"line":45,"column":0},"end":{"line":45,"column":0}},"45":{"start":{"line":46,"column":0},"end":{"line":46,"column":38}},"46":{"start":{"line":47,"column":0},"end":{"line":47,"column":58}},"47":{"start":{"line":48,"column":0},"end":{"line":48,"column":67}},"48":{"start":{"line":49,"column":0},"end":{"line":49,"column":1}},"49":{"start":{"line":50,"column":0},"end":{"line":50,"column":0}},"50":{"start":{"line":51,"column":0},"end":{"line":51,"column":29}},"51":{"start":{"line":52,"column":0},"end":{"line":52,"column":21}},"52":{"start":{"line":53,"column":0},"end":{"line":53,"column":37}},"53":{"start":{"line":54,"column":0},"end":{"line":54,"column":77}},"54":{"start":{"line":55,"column":0},"end":{"line":55,"column":41}},"55":{"start":{"line":56,"column":0},"end":{"line":56,"column":58}},"56":{"start":{"line":57,"column":0},"end":{"line":57,"column":3}},"57":{"start":{"line":58,"column":0},"end":{"line":58,"column":65}},"58":{"start":{"line":59,"column":0},"end":{"line":59,"column":31}},"59":{"start":{"line":60,"column":0},"end":{"line":60,"column":16}},"60":{"start":{"line":61,"column":0},"end":{"line":61,"column":6}},"61":{"start":{"line":62,"column":0},"end":{"line":62,"column":24}},"62":{"start":{"line":63,"column":0},"end":{"line":63,"column":70}},"63":{"start":{"line":64,"column":0},"end":{"line":64,"column":28}},"64":{"start":{"line":65,"column":0},"end":{"line":65,"column":52}},"65":{"start":{"line":66,"column":0},"end":{"line":66,"column":9}},"66":{"start":{"line":67,"column":0},"end":{"line":67,"column":6}},"67":{"start":{"line":68,"column":0},"end":{"line":68,"column":10}},"68":{"start":{"line":69,"column":0},"end":{"line":69,"column":7}},"69":{"start":{"line":70,"column":0},"end":{"line":70,"column":6}},"70":{"start":{"line":71,"column":0},"end":{"line":71,"column":22}},"71":{"start":{"line":72,"column":0},"end":{"line":72,"column":10}},"72":{"start":{"line":73,"column":0},"end":{"line":73,"column":52}},"73":{"start":{"line":74,"column":0},"end":{"line":74,"column":5}},"74":{"start":{"line":75,"column":0},"end":{"line":75,"column":11}},"75":{"start":{"line":76,"column":0},"end":{"line":76,"column":7}},"76":{"start":{"line":77,"column":0},"end":{"line":77,"column":7}},"77":{"start":{"line":78,"column":0},"end":{"line":78,"column":2}},"78":{"start":{"line":79,"column":0},"end":{"line":79,"column":51}},"79":{"start":{"line":80,"column":0},"end":{"line":80,"column":14}},"80":{"start":{"line":81,"column":0},"end":{"line":81,"column":1}},"81":{"start":{"line":82,"column":0},"end":{"line":82,"column":0}},"82":{"start":{"line":83,"column":0},"end":{"line":83,"column":50}},"83":{"start":{"line":84,"column":0},"end":{"line":84,"column":14}},"84":{"start":{"line":85,"column":0},"end":{"line":85,"column":1}}},"s":{"0":1,"1":1,"2":1,"3":1,"4":1,"5":1,"6":1,"7":1,"8":147,"9":147,"10":147,"11":147,"12":147,"13":0,"14":0,"15":1,"16":150,"17":150,"18":105,"19":105,"20":45,"21":45,"22":150,"23":147,"24":147,"25":45,"26":45,"27":1,"28":45,"29":45,"30":45,"31":45,"32":45,"33":45,"34":45,"35":45,"36":45,"37":45,"38":45,"39":45,"40":45,"41":45,"42":45,"43":45,"44":1,"45":1,"46":6,"47":6,"48":6,"49":1,"50":1,"51":3,"52":3,"53":3,"54":3,"55":0,"56":0,"57":3,"58":3,"59":3,"60":3,"61":3,"62":3,"63":3,"64":3,"65":3,"66":3,"67":3,"68":3,"69":3,"70":3,"71":3,"72":3,"73":3,"74":3,"75":3,"76":3,"77":3,"78":3,"79":3,"80":3,"81":1,"82":1,"83":0,"84":0},"branchMap":{"0":{"type":"branch","line":83,"loc":{"start":{"line":83,"column":49},"end":{"line":85,"column":1}},"locations":[{"start":{"line":83,"column":49},"end":{"line":85,"column":1}}]},"1":{"type":"branch","line":9,"loc":{"start":{"line":9,"column":0},"end":{"line":15,"column":1}},"locations":[{"start":{"line":9,"column":0},"end":{"line":15,"column":1}}]},"2":{"type":"branch","line":14,"loc":{"start":{"line":14,"column":-2},"end":{"line":15,"column":1}},"locations":[{"start":{"line":14,"column":-2},"end":{"line":15,"column":1}}]},"3":{"type":"branch","line":17,"loc":{"start":{"line":17,"column":0},"end":{"line":27,"column":1}},"locations":[{"start":{"line":17,"column":0},"end":{"line":27,"column":1}}]},"4":{"type":"branch","line":18,"loc":{"start":{"line":18,"column":22},"end":{"line":20,"column":3}},"locations":[{"start":{"line":18,"column":22},"end":{"line":20,"column":3}}]},"5":{"type":"branch","line":21,"loc":{"start":{"line":21,"column":-2},"end":{"line":23,"column":69}},"locations":[{"start":{"line":21,"column":-2},"end":{"line":23,"column":69}}]},"6":{"type":"branch","line":23,"loc":{"start":{"line":23,"column":69},"end":{"line":25,"column":3}},"locations":[{"start":{"line":23,"column":69},"end":{"line":25,"column":3}}]},"7":{"type":"branch","line":26,"loc":{"start":{"line":26,"column":-2},"end":{"line":27,"column":1}},"locations":[{"start":{"line":26,"column":-2},"end":{"line":27,"column":1}}]},"8":{"type":"branch","line":29,"loc":{"start":{"line":29,"column":0},"end":{"line":44,"column":1}},"locations":[{"start":{"line":29,"column":0},"end":{"line":44,"column":1}}]},"9":{"type":"branch","line":46,"loc":{"start":{"line":46,"column":7},"end":{"line":49,"column":1}},"locations":[{"start":{"line":46,"column":7},"end":{"line":49,"column":1}}]},"10":{"type":"branch","line":47,"loc":{"start":{"line":47,"column":40},"end":{"line":47,"column":52}},"locations":[{"start":{"line":47,"column":40},"end":{"line":47,"column":52}}]},"11":{"type":"branch","line":47,"loc":{"start":{"line":47,"column":53},"end":{"line":47,"column":57}},"locations":[{"start":{"line":47,"column":53},"end":{"line":47,"column":57}}]},"12":{"type":"branch","line":51,"loc":{"start":{"line":51,"column":7},"end":{"line":81,"column":1}},"locations":[{"start":{"line":51,"column":7},"end":{"line":81,"column":1}}]},"13":{"type":"branch","line":55,"loc":{"start":{"line":55,"column":40},"end":{"line":57,"column":3}},"locations":[{"start":{"line":55,"column":40},"end":{"line":57,"column":3}}]}},"b":{"0":[0],"1":[147],"2":[0],"3":[150],"4":[105],"5":[45],"6":[147],"7":[45],"8":[45],"9":[6],"10":[2],"11":[4],"12":[3],"13":[0]},"fnMap":{"0":{"name":"resolveImport","decl":{"start":{"line":9,"column":0},"end":{"line":15,"column":1}},"loc":{"start":{"line":9,"column":0},"end":{"line":15,"column":1}},"line":9},"1":{"name":"collect","decl":{"start":{"line":17,"column":0},"end":{"line":27,"column":1}},"loc":{"start":{"line":17,"column":0},"end":{"line":27,"column":1}},"line":17},"2":{"name":"transpile","decl":{"start":{"line":29,"column":0},"end":{"line":44,"column":1}},"loc":{"start":{"line":29,"column":0},"end":{"line":44,"column":1}},"line":29},"3":{"name":"webAppBootstrap","decl":{"start":{"line":46,"column":7},"end":{"line":49,"column":1}},"loc":{"start":{"line":46,"column":7},"end":{"line":49,"column":1}},"line":46},"4":{"name":"buildPage","decl":{"start":{"line":51,"column":7},"end":{"line":81,"column":1}},"loc":{"start":{"line":51,"column":7},"end":{"line":81,"column":1}},"line":51}},"f":{"0":147,"1":150,"2":45,"3":6,"4":3}}
,"/home/zotrek/zwrotka/srodowisko_pracy/rozliczenia/src/engine.ts": {"path":"/home/zotrek/zwrotka/srodowisko_pracy/rozliczenia/src/engine.ts","all":false,"statementMap":{"0":{"start":{"line":1,"column":0},"end":{"line":1,"column":67}},"21":{"start":{"line":22,"column":0},"end":{"line":22,"column":75}},"22":{"start":{"line":23,"column":0},"end":{"line":23,"column":43}},"23":{"start":{"line":24,"column":0},"end":{"line":24,"column":1}},"25":{"start":{"line":26,"column":0},"end":{"line":26,"column":54}},"26":{"start":{"line":27,"column":0},"end":{"line":27,"column":30}},"27":{"start":{"line":28,"column":0},"end":{"line":28,"column":65}},"28":{"start":{"line":29,"column":0},"end":{"line":29,"column":3}},"29":{"start":{"line":30,"column":0},"end":{"line":30,"column":36}},"30":{"start":{"line":31,"column":0},"end":{"line":31,"column":1}},"32":{"start":{"line":33,"column":0},"end":{"line":33,"column":55}},"33":{"start":{"line":34,"column":0},"end":{"line":34,"column":33}},"34":{"start":{"line":35,"column":0},"end":{"line":35,"column":35}},"35":{"start":{"line":36,"column":0},"end":{"line":36,"column":3}},"37":{"start":{"line":38,"column":0},"end":{"line":38,"column":53}},"38":{"start":{"line":39,"column":0},"end":{"line":39,"column":97}},"40":{"start":{"line":41,"column":0},"end":{"line":41,"column":33}},"41":{"start":{"line":42,"column":0},"end":{"line":42,"column":31}},"42":{"start":{"line":43,"column":0},"end":{"line":43,"column":41}},"43":{"start":{"line":44,"column":0},"end":{"line":44,"column":15}},"44":{"start":{"line":45,"column":0},"end":{"line":45,"column":5}},"45":{"start":{"line":46,"column":0},"end":{"line":46,"column":47}},"46":{"start":{"line":47,"column":0},"end":{"line":47,"column":16}},"47":{"start":{"line":48,"column":0},"end":{"line":48,"column":22}},"48":{"start":{"line":49,"column":0},"end":{"line":49,"column":12}},"49":{"start":{"line":50,"column":0},"end":{"line":50,"column":42}},"50":{"start":{"line":51,"column":0},"end":{"line":51,"column":57}},"51":{"start":{"line":52,"column":0},"end":{"line":52,"column":5}},"52":{"start":{"line":53,"column":0},"end":{"line":53,"column":3}},"54":{"start":{"line":55,"column":0},"end":{"line":55,"column":36}},"55":{"start":{"line":56,"column":0},"end":{"line":56,"column":29}},"56":{"start":{"line":57,"column":0},"end":{"line":57,"column":29}},"57":{"start":{"line":58,"column":0},"end":{"line":58,"column":32}},"58":{"start":{"line":59,"column":0},"end":{"line":59,"column":65}},"59":{"start":{"line":60,"column":0},"end":{"line":60,"column":21}},"60":{"start":{"line":61,"column":0},"end":{"line":61,"column":28}},"61":{"start":{"line":62,"column":0},"end":{"line":62,"column":7}},"62":{"start":{"line":63,"column":0},"end":{"line":63,"column":54}},"63":{"start":{"line":64,"column":0},"end":{"line":64,"column":23}},"64":{"start":{"line":65,"column":0},"end":{"line":65,"column":12}},"65":{"start":{"line":66,"column":0},"end":{"line":66,"column":69}},"66":{"start":{"line":67,"column":0},"end":{"line":67,"column":38}},"67":{"start":{"line":68,"column":0},"end":{"line":68,"column":23}},"68":{"start":{"line":69,"column":0},"end":{"line":69,"column":30}},"69":{"start":{"line":70,"column":0},"end":{"line":70,"column":9}},"70":{"start":{"line":71,"column":0},"end":{"line":71,"column":7}},"71":{"start":{"line":72,"column":0},"end":{"line":72,"column":23}},"72":{"start":{"line":73,"column":0},"end":{"line":73,"column":5}},"73":{"start":{"line":74,"column":0},"end":{"line":74,"column":3}},"75":{"start":{"line":76,"column":0},"end":{"line":76,"column":49}},"76":{"start":{"line":77,"column":0},"end":{"line":77,"column":1}},"79":{"start":{"line":80,"column":0},"end":{"line":80,"column":98}},"80":{"start":{"line":81,"column":0},"end":{"line":81,"column":16}},"81":{"start":{"line":82,"column":0},"end":{"line":82,"column":39}},"82":{"start":{"line":83,"column":0},"end":{"line":83,"column":47}},"83":{"start":{"line":84,"column":0},"end":{"line":84,"column":15}},"84":{"start":{"line":85,"column":0},"end":{"line":85,"column":5}},"85":{"start":{"line":86,"column":0},"end":{"line":86,"column":30}},"86":{"start":{"line":87,"column":0},"end":{"line":87,"column":3}},"87":{"start":{"line":88,"column":0},"end":{"line":88,"column":15}},"88":{"start":{"line":89,"column":0},"end":{"line":89,"column":1}},"92":{"start":{"line":93,"column":0},"end":{"line":93,"column":82}},"93":{"start":{"line":94,"column":0},"end":{"line":94,"column":88}},"94":{"start":{"line":95,"column":0},"end":{"line":95,"column":41}},"95":{"start":{"line":96,"column":0},"end":{"line":96,"column":45}},"96":{"start":{"line":97,"column":0},"end":{"line":97,"column":73}},"97":{"start":{"line":98,"column":0},"end":{"line":98,"column":83}},"98":{"start":{"line":99,"column":0},"end":{"line":99,"column":57}},"99":{"start":{"line":100,"column":0},"end":{"line":100,"column":38}},"100":{"start":{"line":101,"column":0},"end":{"line":101,"column":59}},"102":{"start":{"line":103,"column":0},"end":{"line":103,"column":10}},"103":{"start":{"line":104,"column":0},"end":{"line":104,"column":18}},"104":{"start":{"line":105,"column":0},"end":{"line":105,"column":40}},"105":{"start":{"line":106,"column":0},"end":{"line":106,"column":55}},"106":{"start":{"line":107,"column":0},"end":{"line":107,"column":14}},"107":{"start":{"line":108,"column":0},"end":{"line":108,"column":21}},"108":{"start":{"line":109,"column":0},"end":{"line":109,"column":76}},"109":{"start":{"line":110,"column":0},"end":{"line":110,"column":37}},"110":{"start":{"line":111,"column":0},"end":{"line":111,"column":11}},"111":{"start":{"line":112,"column":0},"end":{"line":112,"column":62}},"112":{"start":{"line":113,"column":0},"end":{"line":113,"column":10}},"113":{"start":{"line":114,"column":0},"end":{"line":114,"column":4}},"114":{"start":{"line":115,"column":0},"end":{"line":115,"column":1}},"116":{"start":{"line":117,"column":0},"end":{"line":117,"column":84}},"117":{"start":{"line":118,"column":0},"end":{"line":118,"column":38}},"118":{"start":{"line":119,"column":0},"end":{"line":119,"column":40}},"119":{"start":{"line":120,"column":0},"end":{"line":120,"column":69}},"120":{"start":{"line":121,"column":0},"end":{"line":121,"column":36}},"122":{"start":{"line":123,"column":0},"end":{"line":123,"column":31}},"123":{"start":{"line":124,"column":0},"end":{"line":124,"column":28}},"124":{"start":{"line":125,"column":0},"end":{"line":125,"column":35}},"125":{"start":{"line":126,"column":0},"end":{"line":126,"column":28}},"127":{"start":{"line":128,"column":0},"end":{"line":128,"column":18}},"128":{"start":{"line":129,"column":0},"end":{"line":129,"column":18}},"129":{"start":{"line":130,"column":0},"end":{"line":130,"column":15}},"130":{"start":{"line":131,"column":0},"end":{"line":131,"column":22}},"131":{"start":{"line":132,"column":0},"end":{"line":132,"column":18}},"132":{"start":{"line":133,"column":0},"end":{"line":133,"column":37}},"133":{"start":{"line":134,"column":0},"end":{"line":134,"column":27}},"134":{"start":{"line":135,"column":0},"end":{"line":135,"column":27}},"135":{"start":{"line":136,"column":0},"end":{"line":136,"column":47}},"136":{"start":{"line":137,"column":0},"end":{"line":137,"column":53}},"137":{"start":{"line":138,"column":0},"end":{"line":138,"column":24}},"138":{"start":{"line":139,"column":0},"end":{"line":139,"column":21}},"139":{"start":{"line":140,"column":0},"end":{"line":140,"column":27}},"140":{"start":{"line":141,"column":0},"end":{"line":141,"column":34}},"141":{"start":{"line":142,"column":0},"end":{"line":142,"column":53}},"142":{"start":{"line":143,"column":0},"end":{"line":143,"column":10}},"143":{"start":{"line":144,"column":0},"end":{"line":144,"column":30}},"144":{"start":{"line":145,"column":0},"end":{"line":145,"column":27}},"145":{"start":{"line":146,"column":0},"end":{"line":146,"column":50}},"146":{"start":{"line":147,"column":0},"end":{"line":147,"column":53}},"147":{"start":{"line":148,"column":0},"end":{"line":148,"column":3}},"149":{"start":{"line":150,"column":0},"end":{"line":150,"column":10}},"150":{"start":{"line":151,"column":0},"end":{"line":151,"column":27}},"151":{"start":{"line":152,"column":0},"end":{"line":152,"column":41}},"152":{"start":{"line":153,"column":0},"end":{"line":153,"column":25}},"153":{"start":{"line":154,"column":0},"end":{"line":154,"column":27}},"154":{"start":{"line":155,"column":0},"end":{"line":155,"column":31}},"155":{"start":{"line":156,"column":0},"end":{"line":156,"column":27}},"156":{"start":{"line":157,"column":0},"end":{"line":157,"column":13}},"157":{"start":{"line":158,"column":0},"end":{"line":158,"column":13}},"158":{"start":{"line":159,"column":0},"end":{"line":159,"column":14}},"159":{"start":{"line":160,"column":0},"end":{"line":160,"column":28}},"160":{"start":{"line":161,"column":0},"end":{"line":161,"column":11}},"161":{"start":{"line":162,"column":0},"end":{"line":162,"column":18}},"162":{"start":{"line":163,"column":0},"end":{"line":163,"column":23}},"163":{"start":{"line":164,"column":0},"end":{"line":164,"column":14}},"164":{"start":{"line":165,"column":0},"end":{"line":165,"column":4}},"165":{"start":{"line":166,"column":0},"end":{"line":166,"column":1}},"174":{"start":{"line":175,"column":0},"end":{"line":175,"column":63}},"175":{"start":{"line":176,"column":0},"end":{"line":176,"column":96}},"176":{"start":{"line":177,"column":0},"end":{"line":177,"column":84}},"177":{"start":{"line":178,"column":0},"end":{"line":178,"column":35}},"178":{"start":{"line":179,"column":0},"end":{"line":179,"column":28}},"179":{"start":{"line":180,"column":0},"end":{"line":180,"column":95}},"180":{"start":{"line":181,"column":0},"end":{"line":181,"column":37}},"181":{"start":{"line":182,"column":0},"end":{"line":182,"column":1}},"183":{"start":{"line":184,"column":0},"end":{"line":184,"column":70}},"184":{"start":{"line":185,"column":0},"end":{"line":185,"column":76}},"185":{"start":{"line":186,"column":0},"end":{"line":186,"column":1}},"187":{"start":{"line":188,"column":0},"end":{"line":188,"column":70}},"188":{"start":{"line":189,"column":0},"end":{"line":189,"column":27}},"189":{"start":{"line":190,"column":0},"end":{"line":190,"column":33}},"190":{"start":{"line":191,"column":0},"end":{"line":191,"column":27}},"191":{"start":{"line":192,"column":0},"end":{"line":192,"column":5}},"192":{"start":{"line":193,"column":0},"end":{"line":193,"column":3}},"193":{"start":{"line":194,"column":0},"end":{"line":194,"column":14}},"194":{"start":{"line":195,"column":0},"end":{"line":195,"column":1}},"197":{"start":{"line":198,"column":0},"end":{"line":198,"column":75}},"198":{"start":{"line":199,"column":0},"end":{"line":199,"column":46}},"199":{"start":{"line":200,"column":0},"end":{"line":200,"column":13}},"200":{"start":{"line":201,"column":0},"end":{"line":201,"column":3}},"201":{"start":{"line":202,"column":0},"end":{"line":202,"column":50}},"202":{"start":{"line":203,"column":0},"end":{"line":203,"column":1}},"204":{"start":{"line":205,"column":0},"end":{"line":205,"column":64}},"205":{"start":{"line":206,"column":0},"end":{"line":206,"column":51}},"206":{"start":{"line":207,"column":0},"end":{"line":207,"column":16}},"207":{"start":{"line":208,"column":0},"end":{"line":208,"column":3}},"208":{"start":{"line":209,"column":0},"end":{"line":209,"column":66}},"209":{"start":{"line":210,"column":0},"end":{"line":210,"column":1}},"211":{"start":{"line":212,"column":0},"end":{"line":212,"column":70}},"212":{"start":{"line":213,"column":0},"end":{"line":213,"column":76}},"213":{"start":{"line":214,"column":0},"end":{"line":214,"column":16}},"214":{"start":{"line":215,"column":0},"end":{"line":215,"column":3}},"215":{"start":{"line":216,"column":0},"end":{"line":216,"column":36}},"216":{"start":{"line":217,"column":0},"end":{"line":217,"column":73}},"217":{"start":{"line":218,"column":0},"end":{"line":218,"column":1}},"219":{"start":{"line":220,"column":0},"end":{"line":220,"column":20}},"220":{"start":{"line":221,"column":0},"end":{"line":221,"column":28}},"221":{"start":{"line":222,"column":0},"end":{"line":222,"column":27}},"222":{"start":{"line":223,"column":0},"end":{"line":223,"column":24}},"223":{"start":{"line":224,"column":0},"end":{"line":224,"column":18}},"224":{"start":{"line":225,"column":0},"end":{"line":225,"column":24}},"225":{"start":{"line":226,"column":0},"end":{"line":226,"column":16}},"226":{"start":{"line":227,"column":0},"end":{"line":227,"column":3}},"227":{"start":{"line":228,"column":0},"end":{"line":228,"column":26}},"228":{"start":{"line":229,"column":0},"end":{"line":229,"column":13}},"229":{"start":{"line":230,"column":0},"end":{"line":230,"column":3}},"230":{"start":{"line":231,"column":0},"end":{"line":231,"column":35}},"231":{"start":{"line":232,"column":0},"end":{"line":232,"column":1}},"233":{"start":{"line":234,"column":0},"end":{"line":234,"column":50}},"234":{"start":{"line":235,"column":0},"end":{"line":235,"column":30}},"235":{"start":{"line":236,"column":0},"end":{"line":236,"column":40}},"236":{"start":{"line":237,"column":0},"end":{"line":237,"column":3}},"237":{"start":{"line":238,"column":0},"end":{"line":238,"column":28}},"238":{"start":{"line":239,"column":0},"end":{"line":239,"column":1}},"240":{"start":{"line":241,"column":0},"end":{"line":241,"column":60}},"241":{"start":{"line":242,"column":0},"end":{"line":242,"column":64}},"242":{"start":{"line":243,"column":0},"end":{"line":243,"column":1}}},"s":{"0":1,"21":1,"22":159,"23":159,"25":1,"26":32,"27":18,"28":18,"29":14,"30":14,"32":1,"33":49,"34":71,"35":71,"37":48,"38":48,"40":49,"41":70,"42":34,"43":34,"44":34,"45":36,"46":36,"47":18,"48":18,"49":18,"50":18,"51":18,"52":70,"54":48,"55":48,"56":49,"57":52,"58":34,"59":34,"60":0,"61":0,"62":34,"63":34,"64":52,"65":18,"66":18,"67":36,"68":0,"69":0,"70":36,"71":18,"72":18,"73":52,"75":48,"76":48,"79":1,"80":13,"81":13,"82":15,"83":9,"84":9,"85":6,"86":6,"87":13,"88":13,"92":18,"93":18,"94":18,"95":18,"96":18,"97":18,"98":18,"99":18,"100":18,"102":18,"103":18,"104":18,"105":18,"106":18,"107":18,"108":18,"109":18,"110":18,"111":18,"112":18,"113":18,"114":18,"116":70,"117":70,"118":70,"119":70,"120":70,"122":70,"123":70,"124":70,"125":70,"127":70,"128":7,"129":7,"130":7,"131":7,"132":70,"133":31,"134":31,"135":31,"136":31,"137":63,"138":3,"139":3,"140":3,"141":3,"142":32,"143":29,"144":29,"145":29,"146":29,"147":29,"149":70,"150":70,"151":70,"152":70,"153":70,"154":70,"155":70,"156":70,"157":70,"158":70,"159":70,"160":70,"161":70,"162":70,"163":70,"164":70,"165":70,"174":70,"175":70,"176":70,"177":70,"178":70,"179":70,"180":70,"181":70,"183":106,"184":106,"185":106,"187":18,"188":18,"189":19,"190":17,"191":17,"192":19,"193":1,"194":1,"197":16,"198":16,"199":2,"200":2,"201":14,"202":14,"204":18,"205":18,"206":0,"207":0,"208":18,"209":18,"211":18,"212":18,"213":2,"214":2,"215":16,"216":18,"217":18,"219":18,"220":18,"221":18,"222":18,"223":18,"224":18,"225":0,"226":0,"227":18,"228":2,"229":2,"230":18,"231":18,"233":58,"234":58,"235":37,"236":37,"237":55,"238":58,"240":48,"241":48,"242":48},"branchMap":{"0":{"type":"branch","line":22,"loc":{"start":{"line":22,"column":7},"end":{"line":24,"column":1}},"locations":[{"start":{"line":22,"column":7},"end":{"line":24,"column":1}}]},"1":{"type":"branch","line":26,"loc":{"start":{"line":26,"column":7},"end":{"line":31,"column":1}},"locations":[{"start":{"line":26,"column":7},"end":{"line":31,"column":1}}]},"2":{"type":"branch","line":27,"loc":{"start":{"line":27,"column":29},"end":{"line":31,"column":1}},"locations":[{"start":{"line":27,"column":29},"end":{"line":31,"column":1}}]},"3":{"type":"branch","line":27,"loc":{"start":{"line":27,"column":29},"end":{"line":29,"column":3}},"locations":[{"start":{"line":27,"column":29},"end":{"line":29,"column":3}}]},"4":{"type":"branch","line":29,"loc":{"start":{"line":29,"column":2},"end":{"line":31,"column":1}},"locations":[{"start":{"line":29,"column":2},"end":{"line":31,"column":1}}]},"5":{"type":"branch","line":33,"loc":{"start":{"line":33,"column":7},"end":{"line":77,"column":1}},"locations":[{"start":{"line":33,"column":7},"end":{"line":77,"column":1}}]},"6":{"type":"branch","line":34,"loc":{"start":{"line":34,"column":32},"end":{"line":36,"column":3}},"locations":[{"start":{"line":34,"column":32},"end":{"line":36,"column":3}}]},"7":{"type":"branch","line":36,"loc":{"start":{"line":36,"column":2},"end":{"line":41,"column":32}},"locations":[{"start":{"line":36,"column":2},"end":{"line":41,"column":32}}]},"8":{"type":"branch","line":41,"loc":{"start":{"line":41,"column":32},"end":{"line":53,"column":3}},"locations":[{"start":{"line":41,"column":32},"end":{"line":53,"column":3}}]},"9":{"type":"branch","line":42,"loc":{"start":{"line":42,"column":30},"end":{"line":45,"column":5}},"locations":[{"start":{"line":42,"column":30},"end":{"line":45,"column":5}}]},"10":{"type":"branch","line":45,"loc":{"start":{"line":45,"column":4},"end":{"line":52,"column":5}},"locations":[{"start":{"line":45,"column":4},"end":{"line":52,"column":5}}]},"11":{"type":"branch","line":47,"loc":{"start":{"line":47,"column":15},"end":{"line":52,"column":5}},"locations":[{"start":{"line":47,"column":15},"end":{"line":52,"column":5}}]},"12":{"type":"branch","line":53,"loc":{"start":{"line":53,"column":2},"end":{"line":57,"column":28}},"locations":[{"start":{"line":53,"column":2},"end":{"line":57,"column":28}}]},"13":{"type":"branch","line":57,"loc":{"start":{"line":57,"column":28},"end":{"line":74,"column":3}},"locations":[{"start":{"line":57,"column":28},"end":{"line":74,"column":3}}]},"14":{"type":"branch","line":58,"loc":{"start":{"line":58,"column":31},"end":{"line":65,"column":11}},"locations":[{"start":{"line":58,"column":31},"end":{"line":65,"column":11}}]},"15":{"type":"branch","line":60,"loc":{"start":{"line":60,"column":20},"end":{"line":62,"column":7}},"locations":[{"start":{"line":60,"column":20},"end":{"line":62,"column":7}}]},"16":{"type":"branch","line":65,"loc":{"start":{"line":65,"column":4},"end":{"line":73,"column":5}},"locations":[{"start":{"line":65,"column":4},"end":{"line":73,"column":5}}]},"17":{"type":"branch","line":66,"loc":{"start":{"line":66,"column":53},"end":{"line":66,"column":62}},"locations":[{"start":{"line":66,"column":53},"end":{"line":66,"column":62}}]},"18":{"type":"branch","line":67,"loc":{"start":{"line":67,"column":37},"end":{"line":71,"column":7}},"locations":[{"start":{"line":67,"column":37},"end":{"line":71,"column":7}}]},"19":{"type":"branch","line":68,"loc":{"start":{"line":68,"column":22},"end":{"line":70,"column":9}},"locations":[{"start":{"line":68,"column":22},"end":{"line":70,"column":9}}]},"20":{"type":"branch","line":74,"loc":{"start":{"line":74,"column":2},"end":{"line":77,"column":1}},"locations":[{"start":{"line":74,"column":2},"end":{"line":77,"column":1}}]},"21":{"type":"branch","line":80,"loc":{"start":{"line":80,"column":7},"end":{"line":89,"column":1}},"locations":[{"start":{"line":80,"column":7},"end":{"line":89,"column":1}}]},"22":{"type":"branch","line":82,"loc":{"start":{"line":82,"column":38},"end":{"line":87,"column":3}},"locations":[{"start":{"line":82,"column":38},"end":{"line":87,"column":3}}]},"23":{"type":"branch","line":83,"loc":{"start":{"line":83,"column":46},"end":{"line":87,"column":3}},"locations":[{"start":{"line":83,"column":46},"end":{"line":87,"column":3}}]},"24":{"type":"branch","line":83,"loc":{"start":{"line":83,"column":46},"end":{"line":85,"column":5}},"locations":[{"start":{"line":83,"column":46},"end":{"line":85,"column":5}}]},"25":{"type":"branch","line":85,"loc":{"start":{"line":85,"column":4},"end":{"line":87,"column":3}},"locations":[{"start":{"line":85,"column":4},"end":{"line":87,"column":3}}]},"26":{"type":"branch","line":93,"loc":{"start":{"line":93,"column":0},"end":{"line":115,"column":1}},"locations":[{"start":{"line":93,"column":0},"end":{"line":115,"column":1}}]},"27":{"type":"branch","line":97,"loc":{"start":{"line":97,"column":16},"end":{"line":97,"column":71}},"locations":[{"start":{"line":97,"column":16},"end":{"line":97,"column":71}}]},"28":{"type":"branch","line":97,"loc":{"start":{"line":97,"column":67},"end":{"line":97,"column":73}},"locations":[{"start":{"line":97,"column":67},"end":{"line":97,"column":73}}]},"29":{"type":"branch","line":105,"loc":{"start":{"line":105,"column":24},"end":{"line":105,"column":40}},"locations":[{"start":{"line":105,"column":24},"end":{"line":105,"column":40}}]},"30":{"type":"branch","line":106,"loc":{"start":{"line":106,"column":25},"end":{"line":106,"column":50}},"locations":[{"start":{"line":106,"column":25},"end":{"line":106,"column":50}}]},"31":{"type":"branch","line":106,"loc":{"start":{"line":106,"column":37},"end":{"line":106,"column":55}},"locations":[{"start":{"line":106,"column":37},"end":{"line":106,"column":55}}]},"32":{"type":"branch","line":94,"loc":{"start":{"line":94,"column":36},"end":{"line":94,"column":79}},"locations":[{"start":{"line":94,"column":36},"end":{"line":94,"column":79}}]},"33":{"type":"branch","line":98,"loc":{"start":{"line":98,"column":25},"end":{"line":98,"column":81}},"locations":[{"start":{"line":98,"column":25},"end":{"line":98,"column":81}}]},"34":{"type":"branch","line":99,"loc":{"start":{"line":99,"column":32},"end":{"line":99,"column":55}},"locations":[{"start":{"line":99,"column":32},"end":{"line":99,"column":55}}]},"35":{"type":"branch","line":101,"loc":{"start":{"line":101,"column":33},"end":{"line":101,"column":56}},"locations":[{"start":{"line":101,"column":33},"end":{"line":101,"column":56}}]},"36":{"type":"branch","line":109,"loc":{"start":{"line":109,"column":30},"end":{"line":109,"column":73}},"locations":[{"start":{"line":109,"column":30},"end":{"line":109,"column":73}}]},"37":{"type":"branch","line":109,"loc":{"start":{"line":109,"column":57},"end":{"line":109,"column":73}},"locations":[{"start":{"line":109,"column":57},"end":{"line":109,"column":73}}]},"38":{"type":"branch","line":117,"loc":{"start":{"line":117,"column":0},"end":{"line":166,"column":1}},"locations":[{"start":{"line":117,"column":0},"end":{"line":166,"column":1}}]},"39":{"type":"branch","line":120,"loc":{"start":{"line":120,"column":33},"end":{"line":120,"column":69}},"locations":[{"start":{"line":120,"column":33},"end":{"line":120,"column":69}}]},"40":{"type":"branch","line":128,"loc":{"start":{"line":128,"column":17},"end":{"line":133,"column":13}},"locations":[{"start":{"line":128,"column":17},"end":{"line":133,"column":13}}]},"41":{"type":"branch","line":133,"loc":{"start":{"line":133,"column":2},"end":{"line":148,"column":3}},"locations":[{"start":{"line":133,"column":2},"end":{"line":148,"column":3}}]},"42":{"type":"branch","line":133,"loc":{"start":{"line":133,"column":36},"end":{"line":138,"column":13}},"locations":[{"start":{"line":133,"column":36},"end":{"line":138,"column":13}}]},"43":{"type":"branch","line":138,"loc":{"start":{"line":138,"column":2},"end":{"line":148,"column":3}},"locations":[{"start":{"line":138,"column":2},"end":{"line":148,"column":3}}]},"44":{"type":"branch","line":138,"loc":{"start":{"line":138,"column":23},"end":{"line":143,"column":9}},"locations":[{"start":{"line":138,"column":23},"end":{"line":143,"column":9}}]},"45":{"type":"branch","line":143,"loc":{"start":{"line":143,"column":2},"end":{"line":148,"column":3}},"locations":[{"start":{"line":143,"column":2},"end":{"line":148,"column":3}}]},"46":{"type":"branch","line":175,"loc":{"start":{"line":175,"column":0},"end":{"line":182,"column":1}},"locations":[{"start":{"line":175,"column":0},"end":{"line":182,"column":1}}]},"47":{"type":"branch","line":176,"loc":{"start":{"line":176,"column":47},"end":{"line":176,"column":81}},"locations":[{"start":{"line":176,"column":47},"end":{"line":176,"column":81}}]},"48":{"type":"branch","line":177,"loc":{"start":{"line":177,"column":41},"end":{"line":177,"column":72}},"locations":[{"start":{"line":177,"column":41},"end":{"line":177,"column":72}}]},"49":{"type":"branch","line":177,"loc":{"start":{"line":177,"column":60},"end":{"line":177,"column":84}},"locations":[{"start":{"line":177,"column":60},"end":{"line":177,"column":84}}]},"50":{"type":"branch","line":178,"loc":{"start":{"line":178,"column":17},"end":{"line":178,"column":35}},"locations":[{"start":{"line":178,"column":17},"end":{"line":178,"column":35}}]},"51":{"type":"branch","line":180,"loc":{"start":{"line":180,"column":29},"end":{"line":180,"column":53}},"locations":[{"start":{"line":180,"column":29},"end":{"line":180,"column":53}}]},"52":{"type":"branch","line":180,"loc":{"start":{"line":180,"column":49},"end":{"line":180,"column":57}},"locations":[{"start":{"line":180,"column":49},"end":{"line":180,"column":57}}]},"53":{"type":"branch","line":180,"loc":{"start":{"line":180,"column":53},"end":{"line":180,"column":95}},"locations":[{"start":{"line":180,"column":53},"end":{"line":180,"column":95}}]},"54":{"type":"branch","line":180,"loc":{"start":{"line":180,"column":71},"end":{"line":180,"column":86}},"locations":[{"start":{"line":180,"column":71},"end":{"line":180,"column":86}}]},"55":{"type":"branch","line":184,"loc":{"start":{"line":184,"column":0},"end":{"line":186,"column":1}},"locations":[{"start":{"line":184,"column":0},"end":{"line":186,"column":1}}]},"56":{"type":"branch","line":185,"loc":{"start":{"line":185,"column":68},"end":{"line":185,"column":76}},"locations":[{"start":{"line":185,"column":68},"end":{"line":185,"column":76}}]},"57":{"type":"branch","line":188,"loc":{"start":{"line":188,"column":0},"end":{"line":195,"column":1}},"locations":[{"start":{"line":188,"column":0},"end":{"line":195,"column":1}}]},"58":{"type":"branch","line":189,"loc":{"start":{"line":189,"column":26},"end":{"line":193,"column":3}},"locations":[{"start":{"line":189,"column":26},"end":{"line":193,"column":3}}]},"59":{"type":"branch","line":190,"loc":{"start":{"line":190,"column":32},"end":{"line":192,"column":5}},"locations":[{"start":{"line":190,"column":32},"end":{"line":192,"column":5}}]},"60":{"type":"branch","line":193,"loc":{"start":{"line":193,"column":2},"end":{"line":195,"column":1}},"locations":[{"start":{"line":193,"column":2},"end":{"line":195,"column":1}}]},"61":{"type":"branch","line":198,"loc":{"start":{"line":198,"column":0},"end":{"line":203,"column":1}},"locations":[{"start":{"line":198,"column":0},"end":{"line":203,"column":1}}]},"62":{"type":"branch","line":199,"loc":{"start":{"line":199,"column":20},"end":{"line":199,"column":45}},"locations":[{"start":{"line":199,"column":20},"end":{"line":199,"column":45}}]},"63":{"type":"branch","line":199,"loc":{"start":{"line":199,"column":45},"end":{"line":201,"column":3}},"locations":[{"start":{"line":199,"column":45},"end":{"line":201,"column":3}}]},"64":{"type":"branch","line":201,"loc":{"start":{"line":201,"column":2},"end":{"line":203,"column":1}},"locations":[{"start":{"line":201,"column":2},"end":{"line":203,"column":1}}]},"65":{"type":"branch","line":205,"loc":{"start":{"line":205,"column":0},"end":{"line":210,"column":1}},"locations":[{"start":{"line":205,"column":0},"end":{"line":210,"column":1}}]},"66":{"type":"branch","line":206,"loc":{"start":{"line":206,"column":50},"end":{"line":208,"column":3}},"locations":[{"start":{"line":206,"column":50},"end":{"line":208,"column":3}}]},"67":{"type":"branch","line":206,"loc":{"start":{"line":206,"column":17},"end":{"line":206,"column":47}},"locations":[{"start":{"line":206,"column":17},"end":{"line":206,"column":47}}]},"68":{"type":"branch","line":209,"loc":{"start":{"line":209,"column":22},"end":{"line":209,"column":63}},"locations":[{"start":{"line":209,"column":22},"end":{"line":209,"column":63}}]},"69":{"type":"branch","line":209,"loc":{"start":{"line":209,"column":49},"end":{"line":209,"column":63}},"locations":[{"start":{"line":209,"column":49},"end":{"line":209,"column":63}}]},"70":{"type":"branch","line":212,"loc":{"start":{"line":212,"column":0},"end":{"line":218,"column":1}},"locations":[{"start":{"line":212,"column":0},"end":{"line":218,"column":1}}]},"71":{"type":"branch","line":213,"loc":{"start":{"line":213,"column":26},"end":{"line":213,"column":75}},"locations":[{"start":{"line":213,"column":26},"end":{"line":213,"column":75}}]},"72":{"type":"branch","line":213,"loc":{"start":{"line":213,"column":75},"end":{"line":215,"column":3}},"locations":[{"start":{"line":213,"column":75},"end":{"line":215,"column":3}}]},"73":{"type":"branch","line":215,"loc":{"start":{"line":215,"column":2},"end":{"line":217,"column":68}},"locations":[{"start":{"line":215,"column":2},"end":{"line":217,"column":68}}]},"74":{"type":"branch","line":217,"loc":{"start":{"line":217,"column":60},"end":{"line":217,"column":73}},"locations":[{"start":{"line":217,"column":60},"end":{"line":217,"column":73}}]},"75":{"type":"branch","line":213,"loc":{"start":{"line":213,"column":45},"end":{"line":213,"column":72}},"locations":[{"start":{"line":213,"column":45},"end":{"line":213,"column":72}}]},"76":{"type":"branch","line":217,"loc":{"start":{"line":217,"column":24},"end":{"line":217,"column":56}},"locations":[{"start":{"line":217,"column":24},"end":{"line":217,"column":56}}]},"77":{"type":"branch","line":220,"loc":{"start":{"line":220,"column":0},"end":{"line":232,"column":1}},"locations":[{"start":{"line":220,"column":0},"end":{"line":232,"column":1}}]},"78":{"type":"branch","line":225,"loc":{"start":{"line":225,"column":23},"end":{"line":227,"column":3}},"locations":[{"start":{"line":225,"column":23},"end":{"line":227,"column":3}}]},"79":{"type":"branch","line":228,"loc":{"start":{"line":228,"column":25},"end":{"line":230,"column":3}},"locations":[{"start":{"line":228,"column":25},"end":{"line":230,"column":3}}]},"80":{"type":"branch","line":230,"loc":{"start":{"line":230,"column":2},"end":{"line":231,"column":23}},"locations":[{"start":{"line":230,"column":2},"end":{"line":231,"column":23}}]},"81":{"type":"branch","line":231,"loc":{"start":{"line":231,"column":10},"end":{"line":231,"column":28}},"locations":[{"start":{"line":231,"column":10},"end":{"line":231,"column":28}}]},"82":{"type":"branch","line":234,"loc":{"start":{"line":234,"column":0},"end":{"line":239,"column":1}},"locations":[{"start":{"line":234,"column":0},"end":{"line":239,"column":1}}]},"83":{"type":"branch","line":235,"loc":{"start":{"line":235,"column":29},"end":{"line":237,"column":3}},"locations":[{"start":{"line":235,"column":29},"end":{"line":237,"column":3}}]},"84":{"type":"branch","line":236,"loc":{"start":{"line":236,"column":21},"end":{"line":236,"column":40}},"locations":[{"start":{"line":236,"column":21},"end":{"line":236,"column":40}}]},"85":{"type":"branch","line":237,"loc":{"start":{"line":237,"column":2},"end":{"line":238,"column":28}},"locations":[{"start":{"line":237,"column":2},"end":{"line":238,"column":28}}]},"86":{"type":"branch","line":237,"loc":{"start":{"line":237,"column":2},"end":{"line":238,"column":26}},"locations":[{"start":{"line":237,"column":2},"end":{"line":238,"column":26}}]},"87":{"type":"branch","line":238,"loc":{"start":{"line":238,"column":14},"end":{"line":238,"column":28}},"locations":[{"start":{"line":238,"column":14},"end":{"line":238,"column":28}}]},"88":{"type":"branch","line":241,"loc":{"start":{"line":241,"column":0},"end":{"line":243,"column":1}},"locations":[{"start":{"line":241,"column":0},"end":{"line":243,"column":1}}]},"89":{"type":"branch","line":242,"loc":{"start":{"line":242,"column":22},"end":{"line":242,"column":61}},"locations":[{"start":{"line":242,"column":22},"end":{"line":242,"column":61}}]}},"b":{"0":[159],"1":[32],"2":[24],"3":[18],"4":[14],"5":[49],"6":[71],"7":[48],"8":[70],"9":[34],"10":[36],"11":[18],"12":[48],"13":[52],"14":[34],"15":[0],"16":[18],"17":[0],"18":[36],"19":[0],"20":[48],"21":[13],"22":[15],"23":[12],"24":[9],"25":[6],"26":[18],"27":[16],"28":[2],"29":[0],"30":[15],"31":[3],"32":[36],"33":[36],"34":[36],"35":[36],"36":[31],"37":[0],"38":[70],"39":[34],"40":[7],"41":[63],"42":[31],"43":[32],"44":[3],"45":[29],"46":[70],"47":[0],"48":[1],"49":[69],"50":[19],"51":[52],"52":[41],"53":[29],"54":[1],"55":[106],"56":[90],"57":[18],"58":[19],"59":[17],"60":[1],"61":[16],"62":[15],"63":[2],"64":[14],"65":[18],"66":[0],"67":[31],"68":[31],"69":[0],"70":[18],"71":[16],"72":[2],"73":[16],"74":[0],"75":[31],"76":[31],"77":[18],"78":[0],"79":[2],"80":[16],"81":[1],"82":[58],"83":[37],"84":[0],"85":[55],"86":[21],"87":[0],"88":[48],"89":[52]},"fnMap":{"0":{"name":"rowKey","decl":{"start":{"line":22,"column":7},"end":{"line":24,"column":1}},"loc":{"start":{"line":22,"column":7},"end":{"line":24,"column":1}},"line":22},"1":{"name":"lineKey","decl":{"start":{"line":26,"column":7},"end":{"line":31,"column":1}},"loc":{"start":{"line":26,"column":7},"end":{"line":31,"column":1}},"line":26},"2":{"name":"settle","decl":{"start":{"line":33,"column":7},"end":{"line":77,"column":1}},"loc":{"start":{"line":33,"column":7},"end":{"line":77,"column":1}},"line":33},"3":{"name":"sumSelected","decl":{"start":{"line":80,"column":7},"end":{"line":89,"column":1}},"loc":{"start":{"line":80,"column":7},"end":{"line":89,"column":1}},"line":80},"4":{"name":"buildRoute","decl":{"start":{"line":93,"column":0},"end":{"line":115,"column":1}},"loc":{"start":{"line":93,"column":0},"end":{"line":115,"column":1}},"line":93},"5":{"name":"buildShop","decl":{"start":{"line":117,"column":0},"end":{"line":166,"column":1}},"loc":{"start":{"line":117,"column":0},"end":{"line":166,"column":1}},"line":117},"6":{"name":"price","decl":{"start":{"line":175,"column":0},"end":{"line":182,"column":1}},"loc":{"start":{"line":175,"column":0},"end":{"line":182,"column":1}},"line":175},"7":{"name":"screenOf","decl":{"start":{"line":184,"column":0},"end":{"line":186,"column":1}},"loc":{"start":{"line":184,"column":0},"end":{"line":186,"column":1}},"line":184},"8":{"name":"firstRouteRate","decl":{"start":{"line":188,"column":0},"end":{"line":195,"column":1}},"loc":{"start":{"line":188,"column":0},"end":{"line":195,"column":1}},"line":188},"9":{"name":"shareOf","decl":{"start":{"line":198,"column":0},"end":{"line":203,"column":1}},"loc":{"start":{"line":198,"column":0},"end":{"line":203,"column":1}},"line":198},"10":{"name":"sumBagFees","decl":{"start":{"line":205,"column":0},"end":{"line":210,"column":1}},"loc":{"start":{"line":205,"column":0},"end":{"line":210,"column":1}},"line":205},"11":{"name":"commonBagRate","decl":{"start":{"line":212,"column":0},"end":{"line":218,"column":1}},"loc":{"start":{"line":212,"column":0},"end":{"line":218,"column":1}},"line":212},"12":{"name":"routeTotal","decl":{"start":{"line":220,"column":0},"end":{"line":232,"column":1}},"loc":{"start":{"line":220,"column":0},"end":{"line":232,"column":1}},"line":220},"13":{"name":"lineAmount","decl":{"start":{"line":234,"column":0},"end":{"line":239,"column":1}},"loc":{"start":{"line":234,"column":0},"end":{"line":239,"column":1}},"line":234},"14":{"name":"sumLines","decl":{"start":{"line":241,"column":0},"end":{"line":243,"column":1}},"loc":{"start":{"line":241,"column":0},"end":{"line":243,"column":1}},"line":241}},"f":{"0":159,"1":32,"2":49,"3":13,"4":18,"5":70,"6":70,"7":106,"8":18,"9":16,"10":18,"11":18,"12":18,"13":58,"14":48}}
,"/home/zotrek/zwrotka/srodowisko_pracy/rozliczenia/src/html.ts": {"path":"/home/zotrek/zwrotka/srodowisko_pracy/rozliczenia/src/html.ts","all":false,"statementMap":{"0":{"start":{"line":1,"column":0},"end":{"line":1,"column":50}},"1":{"start":{"line":2,"column":0},"end":{"line":2,"column":13}},"2":{"start":{"line":3,"column":0},"end":{"line":3,"column":27}},"3":{"start":{"line":4,"column":0},"end":{"line":4,"column":26}},"4":{"start":{"line":5,"column":0},"end":{"line":5,"column":26}},"5":{"start":{"line":6,"column":0},"end":{"line":6,"column":29}},"6":{"start":{"line":7,"column":0},"end":{"line":7,"column":1}}},"s":{"0":1,"1":588,"2":588,"3":588,"4":588,"5":588,"6":588},"branchMap":{"0":{"type":"branch","line":1,"loc":{"start":{"line":1,"column":7},"end":{"line":7,"column":1}},"locations":[{"start":{"line":1,"column":7},"end":{"line":7,"column":1}}]}},"b":{"0":[588]},"fnMap":{"0":{"name":"escapeHtml","decl":{"start":{"line":1,"column":7},"end":{"line":7,"column":1}},"loc":{"start":{"line":1,"column":7},"end":{"line":7,"column":1}},"line":1}},"f":{"0":588}}
,"/home/zotrek/zwrotka/srodowisko_pracy/rozliczenia/src/money.ts": {"path":"/home/zotrek/zwrotka/srodowisko_pracy/rozliczenia/src/money.ts","all":false,"statementMap":{"6":{"start":{"line":7,"column":0},"end":{"line":7,"column":49}},"7":{"start":{"line":8,"column":0},"end":{"line":8,"column":32}},"8":{"start":{"line":9,"column":0},"end":{"line":9,"column":45}},"9":{"start":{"line":10,"column":0},"end":{"line":10,"column":3}},"10":{"start":{"line":11,"column":0},"end":{"line":11,"column":29}},"11":{"start":{"line":12,"column":0},"end":{"line":12,"column":68}},"12":{"start":{"line":13,"column":0},"end":{"line":13,"column":52}},"13":{"start":{"line":14,"column":0},"end":{"line":14,"column":37}},"14":{"start":{"line":15,"column":0},"end":{"line":15,"column":1}},"17":{"start":{"line":18,"column":0},"end":{"line":18,"column":73}},"18":{"start":{"line":19,"column":0},"end":{"line":19,"column":52}},"19":{"start":{"line":20,"column":0},"end":{"line":20,"column":57}},"20":{"start":{"line":21,"column":0},"end":{"line":21,"column":3}},"21":{"start":{"line":22,"column":0},"end":{"line":22,"column":30}},"22":{"start":{"line":23,"column":0},"end":{"line":23,"column":37}},"23":{"start":{"line":24,"column":0},"end":{"line":24,"column":43}},"24":{"start":{"line":25,"column":0},"end":{"line":25,"column":38}},"25":{"start":{"line":26,"column":0},"end":{"line":26,"column":37}},"26":{"start":{"line":27,"column":0},"end":{"line":27,"column":39}},"27":{"start":{"line":28,"column":0},"end":{"line":28,"column":1}},"29":{"start":{"line":30,"column":0},"end":{"line":30,"column":64}},"30":{"start":{"line":31,"column":0},"end":{"line":31,"column":34}},"31":{"start":{"line":32,"column":0},"end":{"line":32,"column":13}},"32":{"start":{"line":33,"column":0},"end":{"line":33,"column":3}},"33":{"start":{"line":34,"column":0},"end":{"line":34,"column":32}},"34":{"start":{"line":35,"column":0},"end":{"line":35,"column":24}},"35":{"start":{"line":36,"column":0},"end":{"line":36,"column":3}},"36":{"start":{"line":37,"column":0},"end":{"line":37,"column":42}},"37":{"start":{"line":38,"column":0},"end":{"line":38,"column":62}},"38":{"start":{"line":39,"column":0},"end":{"line":39,"column":39}},"39":{"start":{"line":40,"column":0},"end":{"line":40,"column":1}},"42":{"start":{"line":43,"column":0},"end":{"line":43,"column":75}},"43":{"start":{"line":44,"column":0},"end":{"line":44,"column":67}},"44":{"start":{"line":45,"column":0},"end":{"line":45,"column":39}},"45":{"start":{"line":46,"column":0},"end":{"line":46,"column":1}},"47":{"start":{"line":48,"column":0},"end":{"line":48,"column":67}},"48":{"start":{"line":49,"column":0},"end":{"line":49,"column":51}},"49":{"start":{"line":50,"column":0},"end":{"line":50,"column":40}},"50":{"start":{"line":51,"column":0},"end":{"line":51,"column":60}},"51":{"start":{"line":52,"column":0},"end":{"line":52,"column":1}},"53":{"start":{"line":54,"column":0},"end":{"line":54,"column":43}},"54":{"start":{"line":55,"column":0},"end":{"line":55,"column":44}},"55":{"start":{"line":56,"column":0},"end":{"line":56,"column":35}},"56":{"start":{"line":57,"column":0},"end":{"line":57,"column":57}},"57":{"start":{"line":58,"column":0},"end":{"line":58,"column":1}}},"s":{"6":1,"7":3,"8":0,"9":0,"10":3,"11":3,"12":3,"13":3,"14":3,"17":1,"18":96,"19":0,"20":0,"21":96,"22":96,"23":96,"24":96,"25":0,"26":96,"27":96,"29":1,"30":34,"31":7,"32":7,"33":29,"34":25,"35":25,"36":2,"37":2,"38":34,"39":34,"42":1,"43":65,"44":65,"45":65,"47":96,"48":96,"49":96,"50":96,"51":96,"53":2,"54":2,"55":2,"56":2,"57":2},"branchMap":{"0":{"type":"branch","line":7,"loc":{"start":{"line":7,"column":7},"end":{"line":15,"column":1}},"locations":[{"start":{"line":7,"column":7},"end":{"line":15,"column":1}}]},"1":{"type":"branch","line":8,"loc":{"start":{"line":8,"column":31},"end":{"line":10,"column":3}},"locations":[{"start":{"line":8,"column":31},"end":{"line":10,"column":3}}]},"2":{"type":"branch","line":14,"loc":{"start":{"line":14,"column":9},"end":{"line":14,"column":30}},"locations":[{"start":{"line":14,"column":9},"end":{"line":14,"column":30}}]},"3":{"type":"branch","line":18,"loc":{"start":{"line":18,"column":7},"end":{"line":28,"column":1}},"locations":[{"start":{"line":18,"column":7},"end":{"line":28,"column":1}}]},"4":{"type":"branch","line":19,"loc":{"start":{"line":19,"column":51},"end":{"line":21,"column":3}},"locations":[{"start":{"line":19,"column":51},"end":{"line":21,"column":3}}]},"5":{"type":"branch","line":25,"loc":{"start":{"line":25,"column":37},"end":{"line":26,"column":37}},"locations":[{"start":{"line":25,"column":37},"end":{"line":26,"column":37}}]},"6":{"type":"branch","line":27,"loc":{"start":{"line":27,"column":9},"end":{"line":27,"column":31}},"locations":[{"start":{"line":27,"column":9},"end":{"line":27,"column":31}}]},"7":{"type":"branch","line":30,"loc":{"start":{"line":30,"column":7},"end":{"line":40,"column":1}},"locations":[{"start":{"line":30,"column":7},"end":{"line":40,"column":1}}]},"8":{"type":"branch","line":31,"loc":{"start":{"line":31,"column":16},"end":{"line":31,"column":33}},"locations":[{"start":{"line":31,"column":16},"end":{"line":31,"column":33}}]},"9":{"type":"branch","line":31,"loc":{"start":{"line":31,"column":33},"end":{"line":33,"column":3}},"locations":[{"start":{"line":31,"column":33},"end":{"line":33,"column":3}}]},"10":{"type":"branch","line":33,"loc":{"start":{"line":33,"column":2},"end":{"line":39,"column":31}},"locations":[{"start":{"line":33,"column":2},"end":{"line":39,"column":31}}]},"11":{"type":"branch","line":33,"loc":{"start":{"line":33,"column":2},"end":{"line":36,"column":3}},"locations":[{"start":{"line":33,"column":2},"end":{"line":36,"column":3}}]},"12":{"type":"branch","line":33,"loc":{"start":{"line":33,"column":2},"end":{"line":34,"column":31}},"locations":[{"start":{"line":33,"column":2},"end":{"line":34,"column":31}}]},"13":{"type":"branch","line":34,"loc":{"start":{"line":34,"column":31},"end":{"line":36,"column":3}},"locations":[{"start":{"line":34,"column":31},"end":{"line":36,"column":3}}]},"14":{"type":"branch","line":36,"loc":{"start":{"line":36,"column":2},"end":{"line":39,"column":31}},"locations":[{"start":{"line":36,"column":2},"end":{"line":39,"column":31}}]},"15":{"type":"branch","line":36,"loc":{"start":{"line":36,"column":2},"end":{"line":39,"column":20}},"locations":[{"start":{"line":36,"column":2},"end":{"line":39,"column":20}}]},"16":{"type":"branch","line":39,"loc":{"start":{"line":39,"column":9},"end":{"line":39,"column":31}},"locations":[{"start":{"line":39,"column":9},"end":{"line":39,"column":31}}]},"17":{"type":"branch","line":39,"loc":{"start":{"line":39,"column":21},"end":{"line":39,"column":39}},"locations":[{"start":{"line":39,"column":21},"end":{"line":39,"column":39}}]},"18":{"type":"branch","line":43,"loc":{"start":{"line":43,"column":7},"end":{"line":46,"column":1}},"locations":[{"start":{"line":43,"column":7},"end":{"line":46,"column":1}}]},"19":{"type":"branch","line":44,"loc":{"start":{"line":44,"column":31},"end":{"line":44,"column":54}},"locations":[{"start":{"line":44,"column":31},"end":{"line":44,"column":54}}]},"20":{"type":"branch","line":44,"loc":{"start":{"line":44,"column":50},"end":{"line":44,"column":65}},"locations":[{"start":{"line":44,"column":50},"end":{"line":44,"column":65}}]},"21":{"type":"branch","line":44,"loc":{"start":{"line":44,"column":54},"end":{"line":44,"column":67}},"locations":[{"start":{"line":44,"column":54},"end":{"line":44,"column":67}}]},"22":{"type":"branch","line":48,"loc":{"start":{"line":48,"column":0},"end":{"line":52,"column":1}},"locations":[{"start":{"line":48,"column":0},"end":{"line":52,"column":1}}]},"23":{"type":"branch","line":51,"loc":{"start":{"line":51,"column":26},"end":{"line":51,"column":51}},"locations":[{"start":{"line":51,"column":26},"end":{"line":51,"column":51}}]},"24":{"type":"branch","line":51,"loc":{"start":{"line":51,"column":47},"end":{"line":51,"column":60}},"locations":[{"start":{"line":51,"column":47},"end":{"line":51,"column":60}}]},"25":{"type":"branch","line":54,"loc":{"start":{"line":54,"column":0},"end":{"line":58,"column":1}},"locations":[{"start":{"line":54,"column":0},"end":{"line":58,"column":1}}]},"26":{"type":"branch","line":57,"loc":{"start":{"line":57,"column":27},"end":{"line":57,"column":49}},"locations":[{"start":{"line":57,"column":27},"end":{"line":57,"column":49}}]},"27":{"type":"branch","line":57,"loc":{"start":{"line":57,"column":45},"end":{"line":57,"column":57}},"locations":[{"start":{"line":57,"column":45},"end":{"line":57,"column":57}}]}},"b":{"0":[3],"1":[0],"2":[0],"3":[96],"4":[0],"5":[0],"6":[0],"7":[34],"8":[28],"9":[7],"10":[33],"11":[29],"12":[27],"13":[25],"14":[5],"15":[2],"16":[0],"17":[2],"18":[65],"19":[63],"20":[24],"21":[41],"22":[96],"23":[3],"24":[93],"25":[2],"26":[1],"27":[1]},"fnMap":{"0":{"name":"toGrosze","decl":{"start":{"line":7,"column":7},"end":{"line":15,"column":1}},"loc":{"start":{"line":7,"column":7},"end":{"line":15,"column":1}},"line":7},"1":{"name":"divRoundHalfUp","decl":{"start":{"line":18,"column":7},"end":{"line":28,"column":1}},"loc":{"start":{"line":18,"column":7},"end":{"line":28,"column":1}},"line":18},"2":{"name":"mulGrosze","decl":{"start":{"line":30,"column":7},"end":{"line":40,"column":1}},"loc":{"start":{"line":30,"column":7},"end":{"line":40,"column":1}},"line":30},"3":{"name":"costPerBag","decl":{"start":{"line":43,"column":7},"end":{"line":46,"column":1}},"loc":{"start":{"line":43,"column":7},"end":{"line":46,"column":1}},"line":43},"4":{"name":"roundInteger","decl":{"start":{"line":48,"column":0},"end":{"line":52,"column":1}},"loc":{"start":{"line":48,"column":0},"end":{"line":52,"column":1}},"line":48},"5":{"name":"roundReal","decl":{"start":{"line":54,"column":0},"end":{"line":58,"column":1}},"loc":{"start":{"line":54,"column":0},"end":{"line":58,"column":1}},"line":54}},"f":{"0":3,"1":96,"2":34,"3":65,"4":96,"5":2}}
,"/home/zotrek/zwrotka/srodowisko_pracy/rozliczenia/src/page.ts": {"path":"/home/zotrek/zwrotka/srodowisko_pracy/rozliczenia/src/page.ts","all":true,"statementMap":{"0":{"start":{"line":1,"column":0},"end":{"line":1,"column":144}},"19":{"start":{"line":20,"column":0},"end":{"line":20,"column":20}},"20":{"start":{"line":21,"column":0},"end":{"line":21,"column":37}},"54":{"start":{"line":55,"column":0},"end":{"line":55,"column":24}},"55":{"start":{"line":56,"column":0},"end":{"line":56,"column":142}},"61":{"start":{"line":62,"column":0},"end":{"line":62,"column":20}},"66":{"start":{"line":67,"column":0},"end":{"line":67,"column":24}},"69":{"start":{"line":70,"column":0},"end":{"line":70,"column":95}},"71":{"start":{"line":72,"column":0},"end":{"line":72,"column":40}},"72":{"start":{"line":73,"column":0},"end":{"line":73,"column":25}},"73":{"start":{"line":74,"column":0},"end":{"line":74,"column":84}},"74":{"start":{"line":75,"column":0},"end":{"line":75,"column":1}},"76":{"start":{"line":77,"column":0},"end":{"line":77,"column":30}},"77":{"start":{"line":78,"column":0},"end":{"line":78,"column":17}},"78":{"start":{"line":79,"column":0},"end":{"line":79,"column":22}},"79":{"start":{"line":80,"column":0},"end":{"line":80,"column":24}},"80":{"start":{"line":81,"column":0},"end":{"line":81,"column":17}},"81":{"start":{"line":82,"column":0},"end":{"line":82,"column":18}},"82":{"start":{"line":83,"column":0},"end":{"line":83,"column":11}},"83":{"start":{"line":84,"column":0},"end":{"line":84,"column":9}},"84":{"start":{"line":85,"column":0},"end":{"line":85,"column":16}},"85":{"start":{"line":86,"column":0},"end":{"line":86,"column":12}},"86":{"start":{"line":87,"column":0},"end":{"line":87,"column":18}},"87":{"start":{"line":88,"column":0},"end":{"line":88,"column":19}},"88":{"start":{"line":89,"column":0},"end":{"line":89,"column":17}},"89":{"start":{"line":90,"column":0},"end":{"line":90,"column":18}},"90":{"start":{"line":91,"column":0},"end":{"line":91,"column":16}},"91":{"start":{"line":92,"column":0},"end":{"line":92,"column":13}},"92":{"start":{"line":93,"column":0},"end":{"line":93,"column":23}},"93":{"start":{"line":94,"column":0},"end":{"line":94,"column":30}},"94":{"start":{"line":95,"column":0},"end":{"line":95,"column":19}},"95":{"start":{"line":96,"column":0},"end":{"line":96,"column":16}},"96":{"start":{"line":97,"column":0},"end":{"line":97,"column":16}},"97":{"start":{"line":98,"column":0},"end":{"line":98,"column":21}},"98":{"start":{"line":99,"column":0},"end":{"line":99,"column":23}},"99":{"start":{"line":100,"column":0},"end":{"line":100,"column":22}},"100":{"start":{"line":101,"column":0},"end":{"line":101,"column":27}},"101":{"start":{"line":102,"column":0},"end":{"line":102,"column":29}},"102":{"start":{"line":103,"column":0},"end":{"line":103,"column":18}},"103":{"start":{"line":104,"column":0},"end":{"line":104,"column":15}},"104":{"start":{"line":105,"column":0},"end":{"line":105,"column":16}},"105":{"start":{"line":106,"column":0},"end":{"line":106,"column":19}},"106":{"start":{"line":107,"column":0},"end":{"line":107,"column":24}},"107":{"start":{"line":108,"column":0},"end":{"line":108,"column":37}},"108":{"start":{"line":109,"column":0},"end":{"line":109,"column":2}},"110":{"start":{"line":111,"column":0},"end":{"line":111,"column":18}},"111":{"start":{"line":112,"column":0},"end":{"line":112,"column":16}},"113":{"start":{"line":114,"column":0},"end":{"line":114,"column":79}},"114":{"start":{"line":115,"column":0},"end":{"line":115,"column":56}},"115":{"start":{"line":116,"column":0},"end":{"line":116,"column":78}},"116":{"start":{"line":117,"column":0},"end":{"line":117,"column":1}},"118":{"start":{"line":119,"column":0},"end":{"line":119,"column":37}},"119":{"start":{"line":120,"column":0},"end":{"line":120,"column":46}},"120":{"start":{"line":121,"column":0},"end":{"line":121,"column":14}},"121":{"start":{"line":122,"column":0},"end":{"line":122,"column":11}},"122":{"start":{"line":123,"column":0},"end":{"line":123,"column":3}},"123":{"start":{"line":124,"column":0},"end":{"line":124,"column":60}},"124":{"start":{"line":125,"column":0},"end":{"line":125,"column":48}},"125":{"start":{"line":126,"column":0},"end":{"line":126,"column":44}},"126":{"start":{"line":127,"column":0},"end":{"line":127,"column":35}},"127":{"start":{"line":128,"column":0},"end":{"line":128,"column":14}},"128":{"start":{"line":129,"column":0},"end":{"line":129,"column":11}},"129":{"start":{"line":130,"column":0},"end":{"line":130,"column":3}},"130":{"start":{"line":131,"column":0},"end":{"line":131,"column":39}},"131":{"start":{"line":132,"column":0},"end":{"line":132,"column":14}},"132":{"start":{"line":133,"column":0},"end":{"line":133,"column":11}},"133":{"start":{"line":134,"column":0},"end":{"line":134,"column":3}},"134":{"start":{"line":135,"column":0},"end":{"line":135,"column":15}},"135":{"start":{"line":136,"column":0},"end":{"line":136,"column":37}},"136":{"start":{"line":137,"column":0},"end":{"line":137,"column":39}},"137":{"start":{"line":138,"column":0},"end":{"line":138,"column":3}},"138":{"start":{"line":139,"column":0},"end":{"line":139,"column":1}},"140":{"start":{"line":141,"column":0},"end":{"line":141,"column":35}},"141":{"start":{"line":142,"column":0},"end":{"line":142,"column":92}},"142":{"start":{"line":143,"column":0},"end":{"line":143,"column":55}},"143":{"start":{"line":144,"column":0},"end":{"line":144,"column":1}},"145":{"start":{"line":146,"column":0},"end":{"line":146,"column":23}},"146":{"start":{"line":147,"column":0},"end":{"line":147,"column":29}},"147":{"start":{"line":148,"column":0},"end":{"line":148,"column":20}},"148":{"start":{"line":149,"column":0},"end":{"line":149,"column":47}},"149":{"start":{"line":150,"column":0},"end":{"line":150,"column":21}},"150":{"start":{"line":151,"column":0},"end":{"line":151,"column":4}},"151":{"start":{"line":152,"column":0},"end":{"line":152,"column":21}},"152":{"start":{"line":153,"column":0},"end":{"line":153,"column":61}},"153":{"start":{"line":154,"column":0},"end":{"line":154,"column":3}},"154":{"start":{"line":155,"column":0},"end":{"line":155,"column":20}},"155":{"start":{"line":156,"column":0},"end":{"line":156,"column":37}},"156":{"start":{"line":157,"column":0},"end":{"line":157,"column":46}},"157":{"start":{"line":158,"column":0},"end":{"line":158,"column":14}},"158":{"start":{"line":159,"column":0},"end":{"line":159,"column":11}},"159":{"start":{"line":160,"column":0},"end":{"line":160,"column":3}},"160":{"start":{"line":161,"column":0},"end":{"line":161,"column":42}},"161":{"start":{"line":162,"column":0},"end":{"line":162,"column":42}},"162":{"start":{"line":163,"column":0},"end":{"line":163,"column":44}},"163":{"start":{"line":164,"column":0},"end":{"line":164,"column":46}},"164":{"start":{"line":165,"column":0},"end":{"line":165,"column":48}},"165":{"start":{"line":166,"column":0},"end":{"line":166,"column":50}},"166":{"start":{"line":167,"column":0},"end":{"line":167,"column":46}},"167":{"start":{"line":168,"column":0},"end":{"line":168,"column":10}},"168":{"start":{"line":169,"column":0},"end":{"line":169,"column":22}},"169":{"start":{"line":170,"column":0},"end":{"line":170,"column":27}},"170":{"start":{"line":171,"column":0},"end":{"line":171,"column":3}},"171":{"start":{"line":172,"column":0},"end":{"line":172,"column":1}},"173":{"start":{"line":174,"column":0},"end":{"line":174,"column":49}},"174":{"start":{"line":175,"column":0},"end":{"line":175,"column":22}},"175":{"start":{"line":176,"column":0},"end":{"line":176,"column":25}},"176":{"start":{"line":177,"column":0},"end":{"line":177,"column":53}},"177":{"start":{"line":178,"column":0},"end":{"line":178,"column":10}},"178":{"start":{"line":179,"column":0},"end":{"line":179,"column":7}},"179":{"start":{"line":180,"column":0},"end":{"line":180,"column":83}},"180":{"start":{"line":181,"column":0},"end":{"line":181,"column":45}},"184":{"start":{"line":185,"column":0},"end":{"line":185,"column":48}},"185":{"start":{"line":186,"column":0},"end":{"line":186,"column":28}},"186":{"start":{"line":187,"column":0},"end":{"line":187,"column":65}},"187":{"start":{"line":188,"column":0},"end":{"line":188,"column":12}},"188":{"start":{"line":189,"column":0},"end":{"line":189,"column":35}},"189":{"start":{"line":190,"column":0},"end":{"line":190,"column":23}},"190":{"start":{"line":191,"column":0},"end":{"line":191,"column":5}},"191":{"start":{"line":192,"column":0},"end":{"line":192,"column":11}},"192":{"start":{"line":193,"column":0},"end":{"line":193,"column":26}},"193":{"start":{"line":194,"column":0},"end":{"line":194,"column":63}},"194":{"start":{"line":195,"column":0},"end":{"line":195,"column":13}},"195":{"start":{"line":196,"column":0},"end":{"line":196,"column":25}},"196":{"start":{"line":197,"column":0},"end":{"line":197,"column":12}},"197":{"start":{"line":198,"column":0},"end":{"line":198,"column":3}},"198":{"start":{"line":199,"column":0},"end":{"line":199,"column":1}},"200":{"start":{"line":201,"column":0},"end":{"line":201,"column":43}},"201":{"start":{"line":202,"column":0},"end":{"line":202,"column":30}},"202":{"start":{"line":203,"column":0},"end":{"line":203,"column":21}},"203":{"start":{"line":204,"column":0},"end":{"line":204,"column":34}},"204":{"start":{"line":205,"column":0},"end":{"line":205,"column":22}},"205":{"start":{"line":206,"column":0},"end":{"line":206,"column":18}},"206":{"start":{"line":207,"column":0},"end":{"line":207,"column":26}},"207":{"start":{"line":208,"column":0},"end":{"line":208,"column":7}},"208":{"start":{"line":209,"column":0},"end":{"line":209,"column":21}},"209":{"start":{"line":210,"column":0},"end":{"line":210,"column":4}},"210":{"start":{"line":211,"column":0},"end":{"line":211,"column":20}},"211":{"start":{"line":212,"column":0},"end":{"line":212,"column":31}},"212":{"start":{"line":213,"column":0},"end":{"line":213,"column":32}},"213":{"start":{"line":214,"column":0},"end":{"line":214,"column":12}},"214":{"start":{"line":215,"column":0},"end":{"line":215,"column":11}},"215":{"start":{"line":216,"column":0},"end":{"line":216,"column":3}},"216":{"start":{"line":217,"column":0},"end":{"line":217,"column":22}},"217":{"start":{"line":218,"column":0},"end":{"line":218,"column":30}},"218":{"start":{"line":219,"column":0},"end":{"line":219,"column":12}},"219":{"start":{"line":220,"column":0},"end":{"line":220,"column":11}},"220":{"start":{"line":221,"column":0},"end":{"line":221,"column":3}},"221":{"start":{"line":222,"column":0},"end":{"line":222,"column":18}},"222":{"start":{"line":223,"column":0},"end":{"line":223,"column":22}},"223":{"start":{"line":224,"column":0},"end":{"line":224,"column":25}},"224":{"start":{"line":225,"column":0},"end":{"line":225,"column":56}},"225":{"start":{"line":226,"column":0},"end":{"line":226,"column":10}},"226":{"start":{"line":227,"column":0},"end":{"line":227,"column":7}},"227":{"start":{"line":228,"column":0},"end":{"line":228,"column":75}},"228":{"start":{"line":229,"column":0},"end":{"line":229,"column":55}},"229":{"start":{"line":230,"column":0},"end":{"line":230,"column":19}},"230":{"start":{"line":231,"column":0},"end":{"line":231,"column":31}},"231":{"start":{"line":232,"column":0},"end":{"line":232,"column":13}},"232":{"start":{"line":233,"column":0},"end":{"line":233,"column":5}},"233":{"start":{"line":234,"column":0},"end":{"line":234,"column":27}},"234":{"start":{"line":235,"column":0},"end":{"line":235,"column":38}},"235":{"start":{"line":236,"column":0},"end":{"line":236,"column":59}},"236":{"start":{"line":237,"column":0},"end":{"line":237,"column":21}},"237":{"start":{"line":238,"column":0},"end":{"line":238,"column":27}},"238":{"start":{"line":239,"column":0},"end":{"line":239,"column":11}},"239":{"start":{"line":240,"column":0},"end":{"line":240,"column":43}},"240":{"start":{"line":241,"column":0},"end":{"line":241,"column":13}},"241":{"start":{"line":242,"column":0},"end":{"line":242,"column":25}},"242":{"start":{"line":243,"column":0},"end":{"line":243,"column":12}},"243":{"start":{"line":244,"column":0},"end":{"line":244,"column":3}},"244":{"start":{"line":245,"column":0},"end":{"line":245,"column":1}},"246":{"start":{"line":247,"column":0},"end":{"line":247,"column":43}},"247":{"start":{"line":248,"column":0},"end":{"line":248,"column":30}},"248":{"start":{"line":249,"column":0},"end":{"line":249,"column":37}},"249":{"start":{"line":250,"column":0},"end":{"line":250,"column":11}},"250":{"start":{"line":251,"column":0},"end":{"line":251,"column":3}},"251":{"start":{"line":252,"column":0},"end":{"line":252,"column":6}},"252":{"start":{"line":253,"column":0},"end":{"line":253,"column":37}},"253":{"start":{"line":254,"column":0},"end":{"line":254,"column":53}},"254":{"start":{"line":255,"column":0},"end":{"line":255,"column":49}},"255":{"start":{"line":256,"column":0},"end":{"line":256,"column":5}},"256":{"start":{"line":257,"column":0},"end":{"line":257,"column":11}},"257":{"start":{"line":258,"column":0},"end":{"line":258,"column":3}},"258":{"start":{"line":259,"column":0},"end":{"line":259,"column":45}},"259":{"start":{"line":260,"column":0},"end":{"line":260,"column":37}},"260":{"start":{"line":261,"column":0},"end":{"line":261,"column":11}},"261":{"start":{"line":262,"column":0},"end":{"line":262,"column":3}},"262":{"start":{"line":263,"column":0},"end":{"line":263,"column":35}},"263":{"start":{"line":264,"column":0},"end":{"line":264,"column":37}},"264":{"start":{"line":265,"column":0},"end":{"line":265,"column":43}},"265":{"start":{"line":266,"column":0},"end":{"line":266,"column":35}},"266":{"start":{"line":267,"column":0},"end":{"line":267,"column":21}},"267":{"start":{"line":268,"column":0},"end":{"line":268,"column":33}},"268":{"start":{"line":269,"column":0},"end":{"line":269,"column":43}},"269":{"start":{"line":270,"column":0},"end":{"line":270,"column":25}},"270":{"start":{"line":271,"column":0},"end":{"line":271,"column":27}},"271":{"start":{"line":272,"column":0},"end":{"line":272,"column":12}},"272":{"start":{"line":273,"column":0},"end":{"line":273,"column":34}},"273":{"start":{"line":274,"column":0},"end":{"line":274,"column":16}},"274":{"start":{"line":275,"column":0},"end":{"line":275,"column":39}},"275":{"start":{"line":276,"column":0},"end":{"line":276,"column":41}},"276":{"start":{"line":277,"column":0},"end":{"line":277,"column":25}},"277":{"start":{"line":278,"column":0},"end":{"line":278,"column":27}},"278":{"start":{"line":279,"column":0},"end":{"line":279,"column":47}},"279":{"start":{"line":280,"column":0},"end":{"line":280,"column":12}},"280":{"start":{"line":281,"column":0},"end":{"line":281,"column":41}},"281":{"start":{"line":282,"column":0},"end":{"line":282,"column":68}},"282":{"start":{"line":283,"column":0},"end":{"line":283,"column":18}},"283":{"start":{"line":284,"column":0},"end":{"line":284,"column":13}},"284":{"start":{"line":285,"column":0},"end":{"line":285,"column":5}},"285":{"start":{"line":286,"column":0},"end":{"line":286,"column":55}},"286":{"start":{"line":287,"column":0},"end":{"line":287,"column":12}},"287":{"start":{"line":288,"column":0},"end":{"line":288,"column":39}},"288":{"start":{"line":289,"column":0},"end":{"line":289,"column":20}},"289":{"start":{"line":290,"column":0},"end":{"line":290,"column":39}},"290":{"start":{"line":291,"column":0},"end":{"line":291,"column":46}},"291":{"start":{"line":292,"column":0},"end":{"line":292,"column":45}},"292":{"start":{"line":293,"column":0},"end":{"line":293,"column":49}},"293":{"start":{"line":294,"column":0},"end":{"line":294,"column":39}},"294":{"start":{"line":295,"column":0},"end":{"line":295,"column":65}},"295":{"start":{"line":296,"column":0},"end":{"line":296,"column":34}},"296":{"start":{"line":297,"column":0},"end":{"line":297,"column":21}},"297":{"start":{"line":298,"column":0},"end":{"line":298,"column":40}},"298":{"start":{"line":299,"column":0},"end":{"line":299,"column":27}},"299":{"start":{"line":300,"column":0},"end":{"line":300,"column":27}},"300":{"start":{"line":301,"column":0},"end":{"line":301,"column":32}},"301":{"start":{"line":302,"column":0},"end":{"line":302,"column":12}},"302":{"start":{"line":303,"column":0},"end":{"line":303,"column":39}},"303":{"start":{"line":304,"column":0},"end":{"line":304,"column":21}},"304":{"start":{"line":305,"column":0},"end":{"line":305,"column":35}},"305":{"start":{"line":306,"column":0},"end":{"line":306,"column":45}},"306":{"start":{"line":307,"column":0},"end":{"line":307,"column":27}},"307":{"start":{"line":308,"column":0},"end":{"line":308,"column":13}},"308":{"start":{"line":309,"column":0},"end":{"line":309,"column":5}},"309":{"start":{"line":310,"column":0},"end":{"line":310,"column":59}},"310":{"start":{"line":311,"column":0},"end":{"line":311,"column":12}},"311":{"start":{"line":312,"column":0},"end":{"line":312,"column":35}},"312":{"start":{"line":313,"column":0},"end":{"line":313,"column":29}},"313":{"start":{"line":314,"column":0},"end":{"line":314,"column":15}},"314":{"start":{"line":315,"column":0},"end":{"line":315,"column":13}},"315":{"start":{"line":316,"column":0},"end":{"line":316,"column":5}},"316":{"start":{"line":317,"column":0},"end":{"line":317,"column":80}},"317":{"start":{"line":318,"column":0},"end":{"line":318,"column":15}},"318":{"start":{"line":319,"column":0},"end":{"line":319,"column":13}},"319":{"start":{"line":320,"column":0},"end":{"line":320,"column":5}},"320":{"start":{"line":321,"column":0},"end":{"line":321,"column":69}},"321":{"start":{"line":322,"column":0},"end":{"line":322,"column":83}},"322":{"start":{"line":323,"column":0},"end":{"line":323,"column":17}},"323":{"start":{"line":324,"column":0},"end":{"line":324,"column":30}},"324":{"start":{"line":325,"column":0},"end":{"line":325,"column":7}},"325":{"start":{"line":326,"column":0},"end":{"line":326,"column":23}},"326":{"start":{"line":327,"column":0},"end":{"line":327,"column":7}},"327":{"start":{"line":328,"column":0},"end":{"line":328,"column":35}},"328":{"start":{"line":329,"column":0},"end":{"line":329,"column":29}},"329":{"start":{"line":330,"column":0},"end":{"line":330,"column":15}},"330":{"start":{"line":331,"column":0},"end":{"line":331,"column":13}},"331":{"start":{"line":332,"column":0},"end":{"line":332,"column":5}},"332":{"start":{"line":333,"column":0},"end":{"line":333,"column":80}},"333":{"start":{"line":334,"column":0},"end":{"line":334,"column":15}},"334":{"start":{"line":335,"column":0},"end":{"line":335,"column":13}},"335":{"start":{"line":336,"column":0},"end":{"line":336,"column":5}},"336":{"start":{"line":337,"column":0},"end":{"line":337,"column":58}},"337":{"start":{"line":338,"column":0},"end":{"line":338,"column":75}},"338":{"start":{"line":339,"column":0},"end":{"line":339,"column":102}},"339":{"start":{"line":340,"column":0},"end":{"line":340,"column":23}},"340":{"start":{"line":341,"column":0},"end":{"line":341,"column":24}},"341":{"start":{"line":342,"column":0},"end":{"line":342,"column":26}},"342":{"start":{"line":343,"column":0},"end":{"line":343,"column":86}},"343":{"start":{"line":344,"column":0},"end":{"line":344,"column":8}},"344":{"start":{"line":345,"column":0},"end":{"line":345,"column":14}},"345":{"start":{"line":346,"column":0},"end":{"line":346,"column":13}},"346":{"start":{"line":347,"column":0},"end":{"line":347,"column":5}},"347":{"start":{"line":348,"column":0},"end":{"line":348,"column":64}},"348":{"start":{"line":349,"column":0},"end":{"line":349,"column":32}},"349":{"start":{"line":350,"column":0},"end":{"line":350,"column":23}},"350":{"start":{"line":351,"column":0},"end":{"line":351,"column":21}},"351":{"start":{"line":352,"column":0},"end":{"line":352,"column":28}},"352":{"start":{"line":353,"column":0},"end":{"line":353,"column":22}},"353":{"start":{"line":354,"column":0},"end":{"line":354,"column":24}},"354":{"start":{"line":355,"column":0},"end":{"line":355,"column":8}},"355":{"start":{"line":356,"column":0},"end":{"line":356,"column":17}},"356":{"start":{"line":357,"column":0},"end":{"line":357,"column":30}},"357":{"start":{"line":358,"column":0},"end":{"line":358,"column":7}},"358":{"start":{"line":359,"column":0},"end":{"line":359,"column":23}},"359":{"start":{"line":360,"column":0},"end":{"line":360,"column":7}},"360":{"start":{"line":361,"column":0},"end":{"line":361,"column":40}},"361":{"start":{"line":362,"column":0},"end":{"line":362,"column":47}},"362":{"start":{"line":363,"column":0},"end":{"line":363,"column":37}},"363":{"start":{"line":364,"column":0},"end":{"line":364,"column":13}},"364":{"start":{"line":365,"column":0},"end":{"line":365,"column":5}},"365":{"start":{"line":366,"column":0},"end":{"line":366,"column":78}},"366":{"start":{"line":367,"column":0},"end":{"line":367,"column":48}},"367":{"start":{"line":368,"column":0},"end":{"line":368,"column":23}},"368":{"start":{"line":369,"column":0},"end":{"line":369,"column":103}},"369":{"start":{"line":370,"column":0},"end":{"line":370,"column":46}},"370":{"start":{"line":371,"column":0},"end":{"line":371,"column":15}},"371":{"start":{"line":372,"column":0},"end":{"line":372,"column":7}},"372":{"start":{"line":373,"column":0},"end":{"line":373,"column":23}},"373":{"start":{"line":374,"column":0},"end":{"line":374,"column":7}},"374":{"start":{"line":375,"column":0},"end":{"line":375,"column":36}},"375":{"start":{"line":376,"column":0},"end":{"line":376,"column":22}},"376":{"start":{"line":377,"column":0},"end":{"line":377,"column":3}},"377":{"start":{"line":378,"column":0},"end":{"line":378,"column":1}},"379":{"start":{"line":380,"column":0},"end":{"line":380,"column":38}},"380":{"start":{"line":381,"column":0},"end":{"line":381,"column":26}},"381":{"start":{"line":382,"column":0},"end":{"line":382,"column":42}},"382":{"start":{"line":383,"column":0},"end":{"line":383,"column":11}},"383":{"start":{"line":384,"column":0},"end":{"line":384,"column":3}},"384":{"start":{"line":385,"column":0},"end":{"line":385,"column":38}},"385":{"start":{"line":386,"column":0},"end":{"line":386,"column":62}},"386":{"start":{"line":387,"column":0},"end":{"line":387,"column":21}},"387":{"start":{"line":388,"column":0},"end":{"line":388,"column":21}},"388":{"start":{"line":389,"column":0},"end":{"line":389,"column":11}},"389":{"start":{"line":390,"column":0},"end":{"line":390,"column":3}},"390":{"start":{"line":391,"column":0},"end":{"line":391,"column":79}},"391":{"start":{"line":392,"column":0},"end":{"line":392,"column":29}},"392":{"start":{"line":393,"column":0},"end":{"line":393,"column":15}},"393":{"start":{"line":394,"column":0},"end":{"line":394,"column":13}},"394":{"start":{"line":395,"column":0},"end":{"line":395,"column":5}},"395":{"start":{"line":396,"column":0},"end":{"line":396,"column":58}},"396":{"start":{"line":397,"column":0},"end":{"line":397,"column":74}},"397":{"start":{"line":398,"column":0},"end":{"line":398,"column":17}},"398":{"start":{"line":399,"column":0},"end":{"line":399,"column":100}},"399":{"start":{"line":400,"column":0},"end":{"line":400,"column":66}},"400":{"start":{"line":401,"column":0},"end":{"line":401,"column":32}},"401":{"start":{"line":402,"column":0},"end":{"line":402,"column":22}},"402":{"start":{"line":403,"column":0},"end":{"line":403,"column":24}},"403":{"start":{"line":404,"column":0},"end":{"line":404,"column":65}},"404":{"start":{"line":405,"column":0},"end":{"line":405,"column":22}},"405":{"start":{"line":406,"column":0},"end":{"line":406,"column":6}},"406":{"start":{"line":407,"column":0},"end":{"line":407,"column":27}},"407":{"start":{"line":408,"column":0},"end":{"line":408,"column":11}},"408":{"start":{"line":409,"column":0},"end":{"line":409,"column":3}},"409":{"start":{"line":410,"column":0},"end":{"line":410,"column":71}},"410":{"start":{"line":411,"column":0},"end":{"line":411,"column":22}},"411":{"start"
[...]
tions":[{"start":{"line":126,"column":30},"end":{"line":126,"column":56}}]},"16":{"type":"branch","line":131,"loc":{"start":{"line":131,"column":7},"end":{"line":139,"column":1}},"locations":[{"start":{"line":131,"column":7},"end":{"line":139,"column":1}}]},"17":{"type":"branch","line":141,"loc":{"start":{"line":141,"column":0},"end":{"line":149,"column":1}},"locations":[{"start":{"line":141,"column":0},"end":{"line":149,"column":1}}]},"18":{"type":"branch","line":151,"loc":{"start":{"line":151,"column":0},"end":{"line":203,"column":1}},"locations":[{"start":{"line":151,"column":0},"end":{"line":203,"column":1}}]},"19":{"type":"branch","line":190,"loc":{"start":{"line":190,"column":52},"end":{"line":190,"column":72}},"locations":[{"start":{"line":190,"column":52},"end":{"line":190,"column":72}}]},"20":{"type":"branch","line":193,"loc":{"start":{"line":193,"column":47},"end":{"line":193,"column":68}},"locations":[{"start":{"line":193,"column":47},"end":{"line":193,"column":68}}]},"21":{"type":"branch","line":160,"loc":{"start":{"line":160,"column":6},"end":{"line":162,"column":85}},"locations":[{"start":{"line":160,"column":6},"end":{"line":162,"column":85}}]},"22":{"type":"branch","line":161,"loc":{"start":{"line":161,"column":66},"end":{"line":161,"column":82}},"locations":[{"start":{"line":161,"column":66},"end":{"line":161,"column":82}}]},"23":{"type":"branch","line":161,"loc":{"start":{"line":161,"column":71},"end":{"line":161,"column":84}},"locations":[{"start":{"line":161,"column":71},"end":{"line":161,"column":84}}]},"24":{"type":"branch","line":167,"loc":{"start":{"line":167,"column":6},"end":{"line":169,"column":42}},"locations":[{"start":{"line":167,"column":6},"end":{"line":169,"column":42}}]},"25":{"type":"branch","line":168,"loc":{"start":{"line":168,"column":67},"end":{"line":168,"column":89}},"locations":[{"start":{"line":168,"column":67},"end":{"line":168,"column":89}}]},"26":{"type":"branch","line":168,"loc":{"start":{"line":168,"column":75},"end":{"line":168,"column":91}},"locations":[{"start":{"line":168,"column":75},"end":{"line":168,"column":91}}]},"27":{"type":"branch","line":175,"loc":{"start":{"line":175,"column":11},"end":{"line":184,"column":7}},"locations":[{"start":{"line":175,"column":11},"end":{"line":184,"column":7}}]},"28":{"type":"branch","line":177,"loc":{"start":{"line":177,"column":25},"end":{"line":179,"column":9}},"locations":[{"start":{"line":177,"column":25},"end":{"line":179,"column":9}}]},"29":{"type":"branch","line":181,"loc":{"start":{"line":181,"column":63},"end":{"line":181,"column":90}},"locations":[{"start":{"line":181,"column":63},"end":{"line":181,"column":90}}]},"30":{"type":"branch","line":205,"loc":{"start":{"line":205,"column":0},"end":{"line":269,"column":1}},"locations":[{"start":{"line":205,"column":0},"end":{"line":269,"column":1}}]},"31":{"type":"branch","line":206,"loc":{"start":{"line":206,"column":23},"end":{"line":206,"column":83}},"locations":[{"start":{"line":206,"column":23},"end":{"line":206,"column":83}}]},"32":{"type":"branch","line":207,"loc":{"start":{"line":207,"column":21},"end":{"line":214,"column":49}},"locations":[{"start":{"line":207,"column":21},"end":{"line":214,"column":49}}]},"33":{"type":"branch","line":212,"loc":{"start":{"line":212,"column":2},"end":{"line":214,"column":49}},"locations":[{"start":{"line":212,"column":2},"end":{"line":214,"column":49}}]},"34":{"type":"branch","line":214,"loc":{"start":{"line":214,"column":37},"end":{"line":214,"column":73}},"locations":[{"start":{"line":214,"column":37},"end":{"line":214,"column":73}}]},"35":{"type":"branch","line":271,"loc":{"start":{"line":271,"column":0},"end":{"line":274,"column":1}},"locations":[{"start":{"line":271,"column":0},"end":{"line":274,"column":1}}]},"36":{"type":"branch","line":272,"loc":{"start":{"line":272,"column":47},"end":{"line":272,"column":75}},"locations":[{"start":{"line":272,"column":47},"end":{"line":272,"column":75}}]},"37":{"type":"branch","line":276,"loc":{"start":{"line":276,"column":0},"end":{"line":279,"column":1}},"locations":[{"start":{"line":276,"column":0},"end":{"line":279,"column":1}}]},"38":{"type":"branch","line":277,"loc":{"start":{"line":277,"column":47},"end":{"line":277,"column":75}},"locations":[{"start":{"line":277,"column":47},"end":{"line":277,"column":75}}]},"39":{"type":"branch","line":281,"loc":{"start":{"line":281,"column":0},"end":{"line":299,"column":1}},"locations":[{"start":{"line":281,"column":0},"end":{"line":299,"column":1}}]},"40":{"type":"branch","line":290,"loc":{"start":{"line":290,"column":15},"end":{"line":290,"column":33}},"locations":[{"start":{"line":290,"column":15},"end":{"line":290,"column":33}}]},"41":{"type":"branch","line":291,"loc":{"start":{"line":291,"column":15},"end":{"line":291,"column":45}},"locations":[{"start":{"line":291,"column":15},"end":{"line":291,"column":45}}]},"42":{"type":"branch","line":293,"loc":{"start":{"line":293,"column":30},"end":{"line":293,"column":60}},"locations":[{"start":{"line":293,"column":30},"end":{"line":293,"column":60}}]},"43":{"type":"branch","line":297,"loc":{"start":{"line":297,"column":29},"end":{"line":297,"column":62}},"locations":[{"start":{"line":297,"column":29},"end":{"line":297,"column":62}}]},"44":{"type":"branch","line":297,"loc":{"start":{"line":297,"column":37},"end":{"line":297,"column":64}},"locations":[{"start":{"line":297,"column":37},"end":{"line":297,"column":64}}]},"45":{"type":"branch","line":301,"loc":{"start":{"line":301,"column":0},"end":{"line":331,"column":1}},"locations":[{"start":{"line":301,"column":0},"end":{"line":331,"column":1}}]},"46":{"type":"branch","line":304,"loc":{"start":{"line":304,"column":36},"end":{"line":304,"column":60}},"locations":[{"start":{"line":304,"column":36},"end":{"line":304,"column":60}}]},"47":{"type":"branch","line":306,"loc":{"start":{"line":306,"column":28},"end":{"line":306,"column":41}},"locations":[{"start":{"line":306,"column":28},"end":{"line":306,"column":41}}]},"48":{"type":"branch","line":308,"loc":{"start":{"line":308,"column":32},"end":{"line":309,"column":33}},"locations":[{"start":{"line":308,"column":32},"end":{"line":309,"column":33}}]},"49":{"type":"branch","line":333,"loc":{"start":{"line":333,"column":0},"end":{"line":341,"column":1}},"locations":[{"start":{"line":333,"column":0},"end":{"line":341,"column":1}}]},"50":{"type":"branch","line":334,"loc":{"start":{"line":334,"column":14},"end":{"line":334,"column":37}},"locations":[{"start":{"line":334,"column":14},"end":{"line":334,"column":37}}]},"51":{"type":"branch","line":334,"loc":{"start":{"line":334,"column":32},"end":{"line":334,"column":43}},"locations":[{"start":{"line":334,"column":32},"end":{"line":334,"column":43}}]},"52":{"type":"branch","line":343,"loc":{"start":{"line":343,"column":0},"end":{"line":401,"column":1}},"locations":[{"start":{"line":343,"column":0},"end":{"line":401,"column":1}}]},"53":{"type":"branch","line":350,"loc":{"start":{"line":350,"column":20},"end":{"line":350,"column":67}},"locations":[{"start":{"line":350,"column":20},"end":{"line":350,"column":67}}]},"54":{"type":"branch","line":351,"loc":{"start":{"line":351,"column":47},"end":{"line":351,"column":69}},"locations":[{"start":{"line":351,"column":47},"end":{"line":351,"column":69}}]},"55":{"type":"branch","line":352,"loc":{"start":{"line":352,"column":20},"end":{"line":352,"column":49}},"locations":[{"start":{"line":352,"column":20},"end":{"line":352,"column":49}}]},"56":{"type":"branch","line":352,"loc":{"start":{"line":352,"column":28},"end":{"line":352,"column":69}},"locations":[{"start":{"line":352,"column":28},"end":{"line":352,"column":69}}]},"57":{"type":"branch","line":354,"loc":{"start":{"line":354,"column":11},"end":{"line":355,"column":148}},"locations":[{"start":{"line":354,"column":11},"end":{"line":355,"column":148}}]},"58":{"type":"branch","line":355,"loc":{"start":{"line":355,"column":8},"end":{"line":356,"column":91}},"locations":[{"start":{"line":355,"column":8},"end":{"line":356,"column":91}}]},"59":{"type":"branch","line":359,"loc":{"start":{"line":359,"column":34},"end":{"line":359,"column":58}},"locations":[{"start":{"line":359,"column":34},"end":{"line":359,"column":58}}]},"60":{"type":"branch","line":389,"loc":{"start":{"line":389,"column":30},"end":{"line":389,"column":54}},"locations":[{"start":{"line":389,"column":30},"end":{"line":389,"column":54}}]},"61":{"type":"branch","line":394,"loc":{"start":{"line":394,"column":7},"end":{"line":394,"column":36}},"locations":[{"start":{"line":394,"column":7},"end":{"line":394,"column":36}}]},"62":{"type":"branch","line":395,"loc":{"start":{"line":395,"column":29},"end":{"line":395,"column":59}},"locations":[{"start":{"line":395,"column":29},"end":{"line":395,"column":59}}]},"63":{"type":"branch","line":398,"loc":{"start":{"line":398,"column":27},"end":{"line":398,"column":46}},"locations":[{"start":{"line":398,"column":27},"end":{"line":398,"column":46}}]},"64":{"type":"branch","line":357,"loc":{"start":{"line":357,"column":48},"end":{"line":357,"column":62}},"locations":[{"start":{"line":357,"column":48},"end":{"line":357,"column":62}}]},"65":{"type":"branch","line":361,"loc":{"start":{"line":361,"column":11},"end":{"line":370,"column":7}},"locations":[{"start":{"line":361,"column":11},"end":{"line":370,"column":7}}]},"66":{"type":"branch","line":374,"loc":{"start":{"line":374,"column":9},"end":{"line":383,"column":5}},"locations":[{"start":{"line":374,"column":9},"end":{"line":383,"column":5}}]},"67":{"type":"branch","line":375,"loc":{"start":{"line":375,"column":18},"end":{"line":375,"column":78}},"locations":[{"start":{"line":375,"column":18},"end":{"line":375,"column":78}}]},"68":{"type":"branch","line":375,"loc":{"start":{"line":375,"column":34},"end":{"line":375,"column":67}},"locations":[{"start":{"line":375,"column":34},"end":{"line":375,"column":67}}]},"69":{"type":"branch","line":375,"loc":{"start":{"line":375,"column":63},"end":{"line":375,"column":78}},"locations":[{"start":{"line":375,"column":63},"end":{"line":375,"column":78}}]},"70":{"type":"branch","line":403,"loc":{"start":{"line":403,"column":0},"end":{"line":418,"column":1}},"locations":[{"start":{"line":403,"column":0},"end":{"line":418,"column":1}}]},"71":{"type":"branch","line":405,"loc":{"start":{"line":405,"column":28},"end":{"line":405,"column":41}},"locations":[{"start":{"line":405,"column":28},"end":{"line":405,"column":41}}]},"72":{"type":"branch","line":407,"loc":{"start":{"line":407,"column":32},"end":{"line":407,"column":54}},"locations":[{"start":{"line":407,"column":32},"end":{"line":407,"column":54}}]},"73":{"type":"branch","line":420,"loc":{"start":{"line":420,"column":0},"end":{"line":436,"column":1}},"locations":[{"start":{"line":420,"column":0},"end":{"line":436,"column":1}}]},"74":{"type":"branch","line":434,"loc":{"start":{"line":434,"column":14},"end":{"line":434,"column":33}},"locations":[{"start":{"line":434,"column":14},"end":{"line":434,"column":33}}]},"75":{"type":"branch","line":426,"loc":{"start":{"line":426,"column":6},"end":{"line":429,"column":89}},"locations":[{"start":{"line":426,"column":6},"end":{"line":429,"column":89}}]},"76":{"type":"branch","line":438,"loc":{"start":{"line":438,"column":0},"end":{"line":455,"column":1}},"locations":[{"start":{"line":438,"column":0},"end":{"line":455,"column":1}}]},"77":{"type":"branch","line":457,"loc":{"start":{"line":457,"column":0},"end":{"line":473,"column":1}},"locations":[{"start":{"line":457,"column":0},"end":{"line":473,"column":1}}]},"78":{"type":"branch","line":475,"loc":{"start":{"line":475,"column":0},"end":{"line":493,"column":1}},"locations":[{"start":{"line":475,"column":0},"end":{"line":493,"column":1}}]},"79":{"type":"branch","line":491,"loc":{"start":{"line":491,"column":14},"end":{"line":491,"column":33}},"locations":[{"start":{"line":491,"column":14},"end":{"line":491,"column":33}}]},"80":{"type":"branch","line":482,"loc":{"start":{"line":482,"column":6},"end":{"line":485,"column":53}},"locations":[{"start":{"line":482,"column":6},"end":{"line":485,"column":53}}]},"81":{"type":"branch","line":495,"loc":{"start":{"line":495,"column":0},"end":{"line":524,"column":1}},"locations":[{"start":{"line":495,"column":0},"end":{"line":524,"column":1}}]},"82":{"type":"branch","line":497,"loc":{"start":{"line":497,"column":15},"end":{"line":499,"column":3}},"locations":[{"start":{"line":497,"column":15},"end":{"line":499,"column":3}}]},"83":{"type":"branch","line":526,"loc":{"start":{"line":526,"column":0},"end":{"line":550,"column":1}},"locations":[{"start":{"line":526,"column":0},"end":{"line":550,"column":1}}]},"84":{"type":"branch","line":528,"loc":{"start":{"line":528,"column":15},"end":{"line":530,"column":3}},"locations":[{"start":{"line":528,"column":15},"end":{"line":530,"column":3}}]},"85":{"type":"branch","line":552,"loc":{"start":{"line":552,"column":0},"end":{"line":573,"column":1}},"locations":[{"start":{"line":552,"column":0},"end":{"line":573,"column":1}}]},"86":{"type":"branch","line":558,"loc":{"start":{"line":558,"column":2},"end":{"line":567,"column":39}},"locations":[{"start":{"line":558,"column":2},"end":{"line":567,"column":39}}]},"87":{"type":"branch","line":567,"loc":{"start":{"line":567,"column":25},"end":{"line":567,"column":41}},"locations":[{"start":{"line":567,"column":25},"end":{"line":567,"column":41}}]},"88":{"type":"branch","line":570,"loc":{"start":{"line":570,"column":27},"end":{"line":570,"column":49}},"locations":[{"start":{"line":570,"column":27},"end":{"line":570,"column":49}}]},"89":{"type":"branch","line":570,"loc":{"start":{"line":570,"column":35},"end":{"line":570,"column":51}},"locations":[{"start":{"line":570,"column":35},"end":{"line":570,"column":51}}]},"90":{"type":"branch","line":575,"loc":{"start":{"line":575,"column":0},"end":{"line":577,"column":1}},"locations":[{"start":{"line":575,"column":0},"end":{"line":577,"column":1}}]}},"b":{"0":[15],"1":[0],"2":[6],"3":[1],"4":[5],"5":[0],"6":[2],"7":[1],"8":[0],"9":[1],"10":[2],"11":[3],"12":[1],"13":[2],"14":[1],"15":[1],"16":[3],"17":[3],"18":[3],"19":[0],"20":[0],"21":[12],"22":[3],"23":[9],"24":[36],"25":[3],"26":[33],"27":[1],"28":[0],"29":[0],"30":[3],"31":[0],"32":[2],"33":[1],"34":[0],"35":[1],"36":[0],"37":[1],"38":[0],"39":[6],"40":[0],"41":[0],"42":[0],"43":[2],"44":[4],"45":[1],"46":[0],"47":[0],"48":[0],"49":[6],"50":[3],"51":[3],"52":[2],"53":[0],"54":[0],"55":[1],"56":[1],"57":[1],"58":[1],"59":[0],"60":[0],"61":[0],"62":[0],"63":[0],"64":[8],"65":[8],"66":[8],"67":[24],"68":[12],"69":[12],"70":[1],"71":[0],"72":[0],"73":[2],"74":[0],"75":[2],"76":[1],"77":[2],"78":[4],"79":[0],"80":[4],"81":[1],"82":[0],"83":[1],"84":[0],"85":[2],"86":[0],"87":[0],"88":[0],"89":[0],"90":[2]},"fnMap":{"0":{"name":"defaultStatsView","decl":{"start":{"line":46,"column":7},"end":{"line":74,"column":1}},"loc":{"start":{"line":46,"column":7},"end":{"line":74,"column":1}},"line":46},"1":{"name":"readStatsFold","decl":{"start":{"line":76,"column":7},"end":{"line":85,"column":1}},"loc":{"start":{"line":76,"column":7},"end":{"line":85,"column":1}},"line":76},"2":{"name":"writeStatsFold","decl":{"start":{"line":87,"column":7},"end":{"line":96,"column":1}},"loc":{"start":{"line":87,"column":7},"end":{"line":96,"column":1}},"line":87},"3":{"name":"loadSectionsCollapsed","decl":{"start":{"line":99,"column":7},"end":{"line":108,"column":1}},"loc":{"start":{"line":99,"column":7},"end":{"line":108,"column":1}},"line":99},"4":{"name":"loadTablesCollapsed","decl":{"start":{"line":114,"column":7},"end":{"line":129,"column":1}},"loc":{"start":{"line":114,"column":7},"end":{"line":129,"column":1}},"line":114},"5":{"name":"renderStatsScreen","decl":{"start":{"line":131,"column":7},"end":{"line":139,"column":1}},"loc":{"start":{"line":131,"column":7},"end":{"line":139,"column":1}},"line":131},"6":{"name":"statsTop","decl":{"start":{"line":141,"column":0},"end":{"line":149,"column":1}},"loc":{"start":{"line":141,"column":0},"end":{"line":149,"column":1}},"line":141},"7":{"name":"statsFilters","decl":{"start":{"line":151,"column":0},"end":{"line":203,"column":1}},"loc":{"start":{"line":151,"column":0},"end":{"line":203,"column":1}},"line":151},"8":{"name":"statsBody","decl":{"start":{"line":205,"column":0},"end":{"line":269,"column":1}},"loc":{"start":{"line":205,"column":0},"end":{"line":269,"column":1}},"line":205},"9":{"name":"bagsTimeSub","decl":{"start":{"line":271,"column":0},"end":{"line":274,"column":1}},"loc":{"start":{"line":271,"column":0},"end":{"line":274,"column":1}},"line":271},"10":{"name":"costsTimeSub","decl":{"start":{"line":276,"column":0},"end":{"line":279,"column":1}},"loc":{"start":{"line":276,"column":0},"end":{"line":279,"column":1}},"line":276},"11":{"name":"section","decl":{"start":{"line":281,"column":0},"end":{"line":299,"column":1}},"loc":{"start":{"line":281,"column":0},"end":{"line":299,"column":1}},"line":281},"12":{"name":"kpiGrid","decl":{"start":{"line":301,"column":0},"end":{"line":331,"column":1}},"loc":{"start":{"line":301,"column":0},"end":{"line":331,"column":1}},"line":301},"13":{"name":"kpi","decl":{"start":{"line":333,"column":0},"end":{"line":341,"column":1}},"loc":{"start":{"line":333,"column":0},"end":{"line":341,"column":1}},"line":333},"14":{"name":"timeSeriesBlock","decl":{"start":{"line":343,"column":0},"end":{"line":401,"column":1}},"loc":{"start":{"line":343,"column":0},"end":{"line":401,"column":1}},"line":343},"15":{"name":"fmt","decl":{"start":{"line":375,"column":18},"end":{"line":375,"column":78}},"loc":{"start":{"line":375,"column":18},"end":{"line":375,"column":78}},"line":375},"16":{"name":"qRanksBlock","decl":{"start":{"line":403,"column":0},"end":{"line":418,"column":1}},"loc":{"start":{"line":403,"column":0},"end":{"line":418,"column":1}},"line":403},"17":{"name":"qTable","decl":{"start":{"line":420,"column":0},"end":{"line":436,"column":1}},"loc":{"start":{"line":420,"column":0},"end":{"line":436,"column":1}},"line":420},"18":{"name":"contractorsBlock","decl":{"start":{"line":438,"column":0},"end":{"line":455,"column":1}},"loc":{"start":{"line":438,"column":0},"end":{"line":455,"column":1}},"line":438},"19":{"name":"rankPair","decl":{"start":{"line":457,"column":0},"end":{"line":473,"column":1}},"loc":{"start":{"line":457,"column":0},"end":{"line":473,"column":1}},"line":457},"20":{"name":"contractorTable","decl":{"start":{"line":475,"column":0},"end":{"line":493,"column":1}},"loc":{"start":{"line":475,"column":0},"end":{"line":493,"column":1}},"line":475},"21":{"name":"zeroBagsBlock","decl":{"start":{"line":495,"column":0},"end":{"line":524,"column":1}},"loc":{"start":{"line":495,"column":0},"end":{"line":524,"column":1}},"line":495},"22":{"name":"gapsBlock","decl":{"start":{"line":526,"column":0},"end":{"line":550,"column":1}},"loc":{"start":{"line":526,"column":0},"end":{"line":550,"column":1}},"line":526},"23":{"name":"pager","decl":{"start":{"line":552,"column":0},"end":{"line":573,"column":1}},"loc":{"start":{"line":552,"column":0},"end":{"line":573,"column":1}},"line":552},"24":{"name":"emptyRow","decl":{"start":{"line":575,"column":0},"end":{"line":577,"column":1}},"loc":{"start":{"line":575,"column":0},"end":{"line":577,"column":1}},"line":575}},"f":{"0":15,"1":6,"2":2,"3":1,"4":3,"5":3,"6":3,"7":3,"8":3,"9":1,"10":1,"11":6,"12":1,"13":6,"14":2,"15":24,"16":1,"17":2,"18":1,"19":2,"20":4,"21":1,"22":1,"23":2,"24":2}}
,"/home/zotrek/zwrotka/srodowisko_pracy/rozliczenia/src/types.ts": {"path":"/home/zotrek/zwrotka/srodowisko_pracy/rozliczenia/src/types.ts","all":true,"statementMap":{},"s":{},"branchMap":{"0":{"type":"branch","line":1,"loc":{"start":{"line":1,"column":4768},"end":{"line":156,"column":1}},"locations":[{"start":{"line":1,"column":4768},"end":{"line":156,"column":1}}]}},"b":{"0":[1]},"fnMap":{"0":{"name":"(empty-report)","decl":{"start":{"line":1,"column":4768},"end":{"line":156,"column":1}},"loc":{"start":{"line":1,"column":4768},"end":{"line":156,"column":1}},"line":1}},"f":{"0":1}}
}
